2011-01-18 22:51:47 Notice: Notice (8): Undefined variable: controller in [/var/www/vhosts/sinapsescopio.es/httpdocs/proyectoCadena/app/controllers/votes_controller.php, line 57]
2011-01-18 23:25:19 Notice: Notice (8): Undefined variable: session_id in [/var/www/vhosts/sinapsescopio.es/httpdocs/proyectoCadena/app/views/chains/index.ctp, line 17]
2011-01-18 23:51:13 Notice: Notice (8): Undefined variable: type in [/var/www/vhosts/sinapsescopio.es/httpdocs/proyectoCadena/app/controllers/comments_controller.php, line 32]
2011-01-18 23:51:13 Notice: Notice (8): Undefined variable: type in [/var/www/vhosts/sinapsescopio.es/httpdocs/proyectoCadena/app/controllers/comments_controller.php, line 43]
2011-01-18 23:51:13 Notice: Notice (8): Undefined variable: controller in [/var/www/vhosts/sinapsescopio.es/httpdocs/proyectoCadena/app/controllers/comments_controller.php, line 65]
2011-01-18 23:52:25 Notice: Notice (8): Undefined variable: type in [/var/www/vhosts/sinapsescopio.es/httpdocs/proyectoCadena/app/controllers/comments_controller.php, line 32]
2011-01-18 23:52:25 Notice: Notice (8): Undefined variable: type in [/var/www/vhosts/sinapsescopio.es/httpdocs/proyectoCadena/app/controllers/comments_controller.php, line 43]
2011-01-18 23:52:25 Notice: Notice (8): Undefined variable: controller in [/var/www/vhosts/sinapsescopio.es/httpdocs/proyectoCadena/app/controllers/comments_controller.php, line 65]
2011-01-18 23:52:49 Notice: Notice (8): Undefined variable: type in [/var/www/vhosts/sinapsescopio.es/httpdocs/proyectoCadena/app/controllers/comments_controller.php, line 32]
2011-01-18 23:52:49 Notice: Notice (8): Undefined variable: type in [/var/www/vhosts/sinapsescopio.es/httpdocs/proyectoCadena/app/controllers/comments_controller.php, line 43]
2011-01-18 23:52:49 Notice: Notice (8): Undefined variable: controller in [/var/www/vhosts/sinapsescopio.es/httpdocs/proyectoCadena/app/controllers/comments_controller.php, line 65]
2011-01-18 23:54:57 Notice: Notice (8): Undefined property:  CommentsController::$Vote in [/var/www/vhosts/sinapsescopio.es/httpdocs/proyectoCadena/app/controllers/comments_controller.php, line 40]
2011-01-19 00:15:11 Notice: Notice (8): Undefined variable: comment_chains in [/var/www/vhosts/sinapsescopio.es/httpdocs/proyectoCadena/app/views/chains/index.ctp, line 117]
2011-01-19 01:27:10 Notice: Notice (8): Undefined index:  Invitacion in [/var/www/vhosts/sinapsescopio.es/httpdocs/proyectoCadena/app/controllers/invitations_controller.php, line 36]
2011-01-19 01:28:31 Notice: Notice (8): Undefined index:  Invitacion in [/var/www/vhosts/sinapsescopio.es/httpdocs/proyectoCadena/app/controllers/invitations_controller.php, line 37]
2011-01-19 01:29:51 Notice: Notice (8): Undefined index:  Invitacion in [/var/www/vhosts/sinapsescopio.es/httpdocs/proyectoCadena/app/controllers/invitations_controller.php, line 37]
2011-01-19 01:32:11 Notice: Notice (8): Undefined index:  Invitacion in [/var/www/vhosts/sinapsescopio.es/httpdocs/proyectoCadena/app/controllers/invitations_controller.php, line 37]
2011-01-19 16:27:54 Notice: Notice (8): Undefined index:  user in [/var/www/vhosts/sinapsescopio.es/httpdocs/proyectoCadena/app/controllers/invitations_controller.php, line 34]
2011-01-21 13:05:26 Notice: Notice (8): Undefined index:  user in [/var/www/vhosts/sinapsescopio.es/httpdocs/proyectoCadena/app/controllers/invitations_controller.php, line 34]
2011-01-21 13:08:26 Notice: Notice (8): Undefined index:  user in [/var/www/vhosts/sinapsescopio.es/httpdocs/proyectoCadena/app/controllers/invitations_controller.php, line 34]
2011-01-21 14:02:16 Notice: Notice (8): Undefined variable: pending in [/var/www/vhosts/sinapsescopio.es/httpdocs/proyectoCadena/app/views/invitations/view.ctp, line 16]
2011-01-21 14:02:16 Notice: Notice (8): Undefined variable: pending in [/var/www/vhosts/sinapsescopio.es/httpdocs/proyectoCadena/app/views/invitations/view.ctp, line 17]
2011-01-21 14:02:16 Notice: Notice (8): Undefined variable: pending in [/var/www/vhosts/sinapsescopio.es/httpdocs/proyectoCadena/app/views/invitations/view.ctp, line 18]
2011-01-21 14:03:34 Notice: Notice (8): Undefined index:  Invitation in [/var/www/vhosts/sinapsescopio.es/httpdocs/proyectoCadena/app/views/invitations/view.ctp, line 16]
2011-01-21 14:03:34 Notice: Notice (8): Undefined index:  Invitation in [/var/www/vhosts/sinapsescopio.es/httpdocs/proyectoCadena/app/views/invitations/view.ctp, line 17]
2011-01-21 14:03:34 Notice: Notice (8): Undefined index:  Invitation in [/var/www/vhosts/sinapsescopio.es/httpdocs/proyectoCadena/app/views/invitations/view.ctp, line 18]
2011-01-21 14:11:39 Notice: Notice (8): Undefined variable: paginator in [/var/www/vhosts/sinapsescopio.es/httpdocs/proyectoCadena/app/views/invitations/view.ctp, line 7]
2011-01-21 17:14:09 Notice: Notice (8): Undefined property:  ItemsController::$Imagenes in [/var/www/vhosts/sinapsescopio.es/httpdocs/proyectoCadena/app/controllers/items_controller.php, line 45]
2011-01-21 18:06:39 Notice: Notice (8): Undefined property:  ItemsController::$Invitation in [/var/www/vhosts/sinapsescopio.es/httpdocs/proyectoCadena/app/controllers/items_controller.php, line 59]
2011-01-21 18:20:44 Notice: Notice (8): Undefined property:  ItemsController::$Invitation in [/var/www/vhosts/sinapsescopio.es/httpdocs/proyectoCadena/app/controllers/items_controller.php, line 61]
2011-01-21 18:46:26 Notice: Notice (8): Undefined index:  user in [/var/www/vhosts/sinapsescopio.es/httpdocs/proyectoCadena/app/controllers/invitations_controller.php, line 37]
2011-01-21 18:50:50 Notice: Notice (8): Undefined index:  user in [/var/www/vhosts/sinapsescopio.es/httpdocs/proyectoCadena/app/controllers/invitations_controller.php, line 37]
2011-01-21 18:51:43 Notice: Notice (8): Undefined index:  user in [/var/www/vhosts/sinapsescopio.es/httpdocs/proyectoCadena/app/controllers/invitations_controller.php, line 37]
2011-01-21 18:52:53 Notice: Notice (8): Undefined index:  user in [/var/www/vhosts/sinapsescopio.es/httpdocs/proyectoCadena/app/controllers/invitations_controller.php, line 37]
2011-01-25 11:20:44 Notice: Notice (8): Undefined variable: file in [/var/www/vhosts/sinapsescopio.es/httpdocs/proyectoCadena/app/controllers/items_controller.php, line 52]
2011-01-25 11:20:52 Notice: Notice (8): Undefined index:  user in [/var/www/vhosts/sinapsescopio.es/httpdocs/proyectoCadena/app/controllers/invitations_controller.php, line 37]
2011-01-25 16:25:03 Notice: Notice (8): Undefined variable: paginator in [/var/www/vhosts/sinapsescopio.es/httpdocs/proyectoCadena/app/views/chains/account.ctp, line 29]
2011-01-25 16:32:32 Notice: Notice (8): Undefined index:  author in [/var/www/vhosts/sinapsescopio.es/httpdocs/proyectoCadena/app/views/chains/index.ctp, line 98]
2011-01-25 16:32:32 Notice: Notice (8): Undefined index:  author in [/var/www/vhosts/sinapsescopio.es/httpdocs/proyectoCadena/app/views/chains/index.ctp, line 127]
2011-01-25 16:32:32 Notice: Notice (8): Undefined index:  author in [/var/www/vhosts/sinapsescopio.es/httpdocs/proyectoCadena/app/views/chains/index.ctp, line 157]
2011-01-25 16:32:32 Notice: Notice (8): Undefined index:  author in [/var/www/vhosts/sinapsescopio.es/httpdocs/proyectoCadena/app/views/chains/index.ctp, line 185]
2011-01-25 16:33:59 Notice: Notice (8): Undefined index:  author in [/var/www/vhosts/sinapsescopio.es/httpdocs/proyectoCadena/app/views/chains/index.ctp, line 48]
2011-01-25 16:33:59 Notice: Notice (8): Undefined index:  author in [/var/www/vhosts/sinapsescopio.es/httpdocs/proyectoCadena/app/views/chains/index.ctp, line 98]
2011-01-25 16:33:59 Notice: Notice (8): Undefined index:  author in [/var/www/vhosts/sinapsescopio.es/httpdocs/proyectoCadena/app/views/chains/index.ctp, line 127]
2011-01-25 16:33:59 Notice: Notice (8): Undefined index:  author in [/var/www/vhosts/sinapsescopio.es/httpdocs/proyectoCadena/app/views/chains/index.ctp, line 157]
2011-01-25 16:33:59 Notice: Notice (8): Undefined index:  author in [/var/www/vhosts/sinapsescopio.es/httpdocs/proyectoCadena/app/views/chains/index.ctp, line 185]
2011-01-25 16:33:59 Notice: Notice (8): Undefined index:  author in [/var/www/vhosts/sinapsescopio.es/httpdocs/proyectoCadena/app/views/chains/index.ctp, line 239]
2011-01-25 16:47:52 Notice: Notice (8): Undefined index:  user in [/var/www/vhosts/sinapsescopio.es/httpdocs/proyectoCadena/app/controllers/invitations_controller.php, line 37]
2011-01-25 16:48:13 Notice: Notice (8): Array to string conversion in [/var/www/vhosts/sinapsescopio.es/httpdocs/proyectoCadena/cake/libs/model/datasources/dbo_source.php, line 749]
2011-01-25 16:48:25 Notice: Notice (8): Array to string conversion in [/var/www/vhosts/sinapsescopio.es/httpdocs/proyectoCadena/cake/libs/model/datasources/dbo_source.php, line 749]
2011-01-25 16:48:50 Notice: Notice (8): Undefined index:  user in [/var/www/vhosts/sinapsescopio.es/httpdocs/proyectoCadena/app/controllers/invitations_controller.php, line 37]
2011-01-25 16:49:51 Notice: Notice (8): Undefined index:  user in [/var/www/vhosts/sinapsescopio.es/httpdocs/proyectoCadena/app/controllers/invitations_controller.php, line 37]
2011-01-25 16:49:51 Notice: Notice (8): Undefined index:  author in [/var/www/vhosts/sinapsescopio.es/httpdocs/proyectoCadena/app/views/chains/view.ctp, line 31]
2011-01-25 16:52:23 Notice: Notice (8): Undefined variable: user_id in [/var/www/vhosts/sinapsescopio.es/httpdocs/proyectoCadena/app/views/items/add.ctp, line 11]
2011-01-25 16:53:34 Notice: Notice (8): Undefined index:  user in [/var/www/vhosts/sinapsescopio.es/httpdocs/proyectoCadena/app/controllers/invitations_controller.php, line 37]
2011-01-25 17:02:33 Notice: Notice (8): Undefined index:  User in [/var/www/vhosts/sinapsescopio.es/httpdocs/proyectoCadena/app/views/chains/index.ctp, line 48]
2011-01-25 17:20:37 Notice: Notice (8): Undefined index:  username in [/var/www/vhosts/sinapsescopio.es/httpdocs/proyectoCadena/app/views/chains/index.ctp, line 48]
2011-01-25 17:20:37 Notice: Notice (8): Undefined index:  username in [/var/www/vhosts/sinapsescopio.es/httpdocs/proyectoCadena/app/views/chains/index.ctp, line 239]
2011-01-25 17:21:05 Notice: Notice (8): Undefined index:  username in [/var/www/vhosts/sinapsescopio.es/httpdocs/proyectoCadena/app/views/chains/index.ctp, line 48]
2011-01-25 17:21:05 Notice: Notice (8): Undefined index:  username in [/var/www/vhosts/sinapsescopio.es/httpdocs/proyectoCadena/app/views/chains/index.ctp, line 239]
2011-01-25 17:21:41 Notice: Notice (8): Undefined index:  username in [/var/www/vhosts/sinapsescopio.es/httpdocs/proyectoCadena/app/views/chains/index.ctp, line 48]
2011-01-25 17:21:41 Notice: Notice (8): Undefined index:  username in [/var/www/vhosts/sinapsescopio.es/httpdocs/proyectoCadena/app/views/chains/index.ctp, line 239]
2011-01-25 17:21:46 Notice: Notice (8): Undefined variable: username in [/var/www/vhosts/sinapsescopio.es/httpdocs/proyectoCadena/app/controllers/chains_controller.php, line 21]
2011-01-25 17:21:46 Notice: Notice (8): Undefined index:  username in [/var/www/vhosts/sinapsescopio.es/httpdocs/proyectoCadena/app/views/chains/index.ctp, line 48]
2011-01-25 17:21:46 Notice: Notice (8): Undefined index:  username in [/var/www/vhosts/sinapsescopio.es/httpdocs/proyectoCadena/app/views/chains/index.ctp, line 239]
2011-01-25 17:21:59 Notice: Notice (8): Undefined index:  username in [/var/www/vhosts/sinapsescopio.es/httpdocs/proyectoCadena/app/views/chains/index.ctp, line 48]
2011-01-25 17:21:59 Notice: Notice (8): Undefined index:  username in [/var/www/vhosts/sinapsescopio.es/httpdocs/proyectoCadena/app/views/chains/index.ctp, line 239]
2011-01-25 17:23:07 Notice: Notice (8): Undefined index:  username in [/var/www/vhosts/sinapsescopio.es/httpdocs/proyectoCadena/app/views/chains/index.ctp, line 48]
2011-01-25 17:23:07 Notice: Notice (8): Undefined index:  username in [/var/www/vhosts/sinapsescopio.es/httpdocs/proyectoCadena/app/views/chains/index.ctp, line 239]
2011-01-25 17:23:13 Notice: Notice (8): Undefined index:  username in [/var/www/vhosts/sinapsescopio.es/httpdocs/proyectoCadena/app/views/chains/index.ctp, line 48]
2011-01-25 17:23:13 Notice: Notice (8): Undefined index:  username in [/var/www/vhosts/sinapsescopio.es/httpdocs/proyectoCadena/app/views/chains/index.ctp, line 239]
2011-01-25 17:23:14 Notice: Notice (8): Undefined index:  username in [/var/www/vhosts/sinapsescopio.es/httpdocs/proyectoCadena/app/views/chains/index.ctp, line 48]
2011-01-25 17:23:14 Notice: Notice (8): Undefined index:  username in [/var/www/vhosts/sinapsescopio.es/httpdocs/proyectoCadena/app/views/chains/index.ctp, line 239]
2011-01-25 17:24:24 Notice: Notice (8): Undefined index:  username in [/var/www/vhosts/sinapsescopio.es/httpdocs/proyectoCadena/app/views/chains/index.ctp, line 48]
2011-01-25 17:24:24 Notice: Notice (8): Undefined index:  username in [/var/www/vhosts/sinapsescopio.es/httpdocs/proyectoCadena/app/views/chains/index.ctp, line 239]
2011-01-25 17:25:03 Notice: Notice (8): Undefined index:  username in [/var/www/vhosts/sinapsescopio.es/httpdocs/proyectoCadena/app/views/chains/index.ctp, line 48]
2011-01-25 17:25:03 Notice: Notice (8): Undefined index:  username in [/var/www/vhosts/sinapsescopio.es/httpdocs/proyectoCadena/app/views/chains/index.ctp, line 239]
2011-01-25 17:25:06 Notice: Notice (8): Undefined index:  username in [/var/www/vhosts/sinapsescopio.es/httpdocs/proyectoCadena/app/views/chains/index.ctp, line 48]
2011-01-25 17:25:06 Notice: Notice (8): Undefined index:  username in [/var/www/vhosts/sinapsescopio.es/httpdocs/proyectoCadena/app/views/chains/index.ctp, line 239]
2011-01-25 17:25:25 Notice: Notice (8): Undefined index:  username in [/var/www/vhosts/sinapsescopio.es/httpdocs/proyectoCadena/app/views/chains/index.ctp, line 48]
2011-01-25 17:25:25 Notice: Notice (8): Undefined index:  username in [/var/www/vhosts/sinapsescopio.es/httpdocs/proyectoCadena/app/views/chains/index.ctp, line 239]
2011-01-25 17:25:27 Notice: Notice (8): Undefined index:  username in [/var/www/vhosts/sinapsescopio.es/httpdocs/proyectoCadena/app/views/chains/index.ctp, line 48]
2011-01-25 17:25:27 Notice: Notice (8): Undefined index:  username in [/var/www/vhosts/sinapsescopio.es/httpdocs/proyectoCadena/app/views/chains/index.ctp, line 239]
2011-01-25 17:26:13 Notice: Notice (8): Undefined index:  username in [/var/www/vhosts/sinapsescopio.es/httpdocs/proyectoCadena/app/views/chains/index.ctp, line 48]
2011-01-25 17:26:13 Notice: Notice (8): Undefined index:  username in [/var/www/vhosts/sinapsescopio.es/httpdocs/proyectoCadena/app/views/chains/index.ctp, line 239]
2011-01-25 17:26:48 Notice: Notice (8): Undefined index:  username in [/var/www/vhosts/sinapsescopio.es/httpdocs/proyectoCadena/app/views/chains/index.ctp, line 239]
2011-01-25 17:26:53 Notice: Notice (8): Undefined index:  username in [/var/www/vhosts/sinapsescopio.es/httpdocs/proyectoCadena/app/views/chains/index.ctp, line 239]
2011-01-25 17:27:07 Notice: Notice (8): Undefined index:  username in [/var/www/vhosts/sinapsescopio.es/httpdocs/proyectoCadena/app/views/chains/index.ctp, line 239]
2011-01-25 17:27:59 Notice: Notice (8): Undefined index:  username in [/var/www/vhosts/sinapsescopio.es/httpdocs/proyectoCadena/app/views/chains/index.ctp, line 239]
2011-01-25 17:30:14 Notice: Notice (8): Undefined variable: user in [/var/www/vhosts/sinapsescopio.es/httpdocs/proyectoCadena/app/views/chains/add.ctp, line 12]
2011-01-25 17:30:54 Notice: Notice (8): Undefined index:  user in [/var/www/vhosts/sinapsescopio.es/httpdocs/proyectoCadena/app/controllers/invitations_controller.php, line 37]
2011-01-26 16:46:13 Notice: Notice (8): Undefined variable: user_mail in [/var/www/vhosts/sinapsescopio.es/httpdocs/proyectoCadena/app/controllers/users_controller.php, line 65]
2011-01-26 16:50:09 Notice: Notice (8): Undefined index:  user in [/var/www/vhosts/sinapsescopio.es/httpdocs/proyectoCadena/app/controllers/invitations_controller.php, line 37]
2011-01-26 16:53:30 Notice: Notice (8): Undefined variable: tittle1 in [/var/www/vhosts/sinapsescopio.es/httpdocs/proyectoCadena/app/views/users/account.ctp, line 28]
2011-01-26 16:53:30 Notice: Notice (8): Undefined variable: tittle2 in [/var/www/vhosts/sinapsescopio.es/httpdocs/proyectoCadena/app/views/users/account.ctp, line 54]
2011-01-26 16:59:08 Notice: Notice (8): Undefined variable: add_friend in [/var/www/vhosts/sinapsescopio.es/httpdocs/proyectoCadena/app/views/users/account.ctp, line 25]
2011-01-26 17:09:58 Notice: Notice (8): Undefined variable: user_id in [/var/www/vhosts/sinapsescopio.es/httpdocs/proyectoCadena/app/views/users/account.ctp, line 27]
2011-01-26 17:10:16 Notice: Notice (8): Undefined variable: user_id in [/var/www/vhosts/sinapsescopio.es/httpdocs/proyectoCadena/app/views/users/account.ctp, line 27]
2011-01-26 17:11:57 Notice: Notice (8): Undefined variable: user_id in [/var/www/vhosts/sinapsescopio.es/httpdocs/proyectoCadena/app/views/users/account.ctp, line 27]
2011-01-26 17:13:40 Notice: Notice (8): Undefined variable: user_id in [/var/www/vhosts/sinapsescopio.es/httpdocs/proyectoCadena/app/views/users/account.ctp, line 27]
2011-01-26 17:14:32 Notice: Notice (8): Undefined variable: user_id in [/var/www/vhosts/sinapsescopio.es/httpdocs/proyectoCadena/app/views/users/account.ctp, line 14]
2011-01-26 17:14:32 Notice: Notice (8): Undefined variable: user_id in [/var/www/vhosts/sinapsescopio.es/httpdocs/proyectoCadena/app/views/users/account.ctp, line 28]
2011-01-26 17:15:11 Notice: Notice (8): Undefined variable: user_id in [/var/www/vhosts/sinapsescopio.es/httpdocs/proyectoCadena/app/views/users/account.ctp, line 28]
2011-01-26 17:16:19 Notice: Notice (8): Undefined variable: user_id in [/var/www/vhosts/sinapsescopio.es/httpdocs/proyectoCadena/app/views/users/account.ctp, line 27]
2011-01-26 17:17:18 Notice: Notice (8): Undefined variable: pepe in [/var/www/vhosts/sinapsescopio.es/httpdocs/proyectoCadena/app/views/users/account.ctp, line 14]
2011-01-26 17:17:18 Notice: Notice (8): Undefined variable: user_id in [/var/www/vhosts/sinapsescopio.es/httpdocs/proyectoCadena/app/views/users/account.ctp, line 28]
2011-01-26 17:17:49 Notice: Notice (8): Undefined variable: user_id in [/var/www/vhosts/sinapsescopio.es/httpdocs/proyectoCadena/app/views/users/account.ctp, line 27]
2011-01-26 17:18:00 Notice: Notice (8): Undefined variable: user_id in [/var/www/vhosts/sinapsescopio.es/httpdocs/proyectoCadena/app/views/users/account.ctp, line 27]
2011-01-26 17:18:17 Notice: Notice (8): Undefined variable: user_id in [/var/www/vhosts/sinapsescopio.es/httpdocs/proyectoCadena/app/views/users/account.ctp, line 27]
2011-01-26 17:18:59 Notice: Notice (8): Undefined variable: pending in [/var/www/vhosts/sinapsescopio.es/httpdocs/proyectoCadena/app/controllers/friends_controller.php, line 19]
2011-01-27 10:43:50 Notice: Notice (8): Undefined variable: mathCaptcha in [/var/www/vhosts/sinapsescopio.es/httpdocs/proyectoCadena/app/views/chains/add.ctp, line 15]
2011-01-27 10:44:04 Notice: Notice (8): Undefined variable: mathCaptcha in [/var/www/vhosts/sinapsescopio.es/httpdocs/proyectoCadena/app/views/chains/add.ctp, line 15]
2011-01-27 10:51:53 Notice: Notice (8): Undefined variable: mathCaptcha in [/var/www/vhosts/sinapsescopio.es/httpdocs/proyectoCadena/app/views/chains/add.ctp, line 15]
2011-01-27 11:02:02 Notice: Notice (8): Undefined variable: math in [/var/www/vhosts/sinapsescopio.es/httpdocs/proyectoCadena/app/controllers/chains_controller.php, line 72]
2011-01-27 11:02:02 Notice: Notice (8): Undefined variable: mathCaptcha in [/var/www/vhosts/sinapsescopio.es/httpdocs/proyectoCadena/app/views/chains/add.ctp, line 15]
2011-01-27 11:02:36 Notice: Notice (8): Undefined variable: mathCaptcha in [/var/www/vhosts/sinapsescopio.es/httpdocs/proyectoCadena/app/views/chains/add.ctp, line 15]
2011-01-27 11:03:10 Notice: Notice (8): Undefined variable: mathCaptcha in [/var/www/vhosts/sinapsescopio.es/httpdocs/proyectoCadena/app/views/chains/add.ctp, line 15]
2011-01-27 11:06:50 Notice: Notice (8): Undefined variable: mathCaptcha in [/var/www/vhosts/sinapsescopio.es/httpdocs/proyectoCadena/app/views/chains/add.ctp, line 15]
2011-01-27 11:15:58 Notice: Notice (8): Undefined index:  username in [/var/www/vhosts/sinapsescopio.es/httpdocs/proyectoCadena/app/views/users/account.ctp, line 65]
2011-01-27 11:17:27 Notice: Notice (8): Undefined index:  username in [/var/www/vhosts/sinapsescopio.es/httpdocs/proyectoCadena/app/views/users/account.ctp, line 65]
2011-01-27 11:17:28 Notice: Notice (8): Undefined index:  username in [/var/www/vhosts/sinapsescopio.es/httpdocs/proyectoCadena/app/views/users/account.ctp, line 65]
2011-01-27 11:18:49 Notice: Notice (8): Undefined index:  user_id in [/var/www/vhosts/sinapsescopio.es/httpdocs/proyectoCadena/app/views/users/account.ctp, line 66]
2011-01-27 11:21:44 Notice: Notice (8): Undefined index:  user_id in [/var/www/vhosts/sinapsescopio.es/httpdocs/proyectoCadena/app/views/chains/index.ctp, line 48]
2011-01-27 11:21:44 Notice: Notice (8): Undefined index:  user_id in [/var/www/vhosts/sinapsescopio.es/httpdocs/proyectoCadena/app/views/chains/index.ctp, line 239]
2011-01-27 11:22:18 Notice: Notice (8): Undefined index:  user_id in [/var/www/vhosts/sinapsescopio.es/httpdocs/proyectoCadena/app/views/chains/index.ctp, line 239]
2011-01-27 11:33:15 Notice: Notice (8): Undefined variable: title in [/var/www/vhosts/sinapsescopio.es/httpdocs/proyectoCadena/app/views/chains/user_chains.ctp, line 23]
2011-02-17 13:42:25 Notice: Notice (8): Undefined variable: user in [/var/www/vhosts/sinapsescopio.es/httpdocs/proyectoCadena/app/views/items/add.ctp, line 12]
2011-02-17 13:43:35 Notice: Notice (8): Undefined index:  item in [/var/www/vhosts/sinapsescopio.es/httpdocs/proyectoCadena/app/controllers/components/attachment.php, line 67]
2011-02-17 13:43:35 Notice: Notice (8): Use of undefined constant UPLOAD_ERR_EXTENSION - assumed 'UPLOAD_ERR_EXTENSION' in [/var/www/vhosts/sinapsescopio.es/httpdocs/proyectoCadena/app/controllers/components/attachment.php, line 374]
2011-02-17 13:43:50 Notice: Notice (8): Undefined index:  user in [/var/www/vhosts/sinapsescopio.es/httpdocs/proyectoCadena/app/controllers/invitations_controller.php, line 37]
2011-02-17 13:45:23 Notice: Notice (8): Undefined index:  item in [/var/www/vhosts/sinapsescopio.es/httpdocs/proyectoCadena/app/controllers/components/attachment.php, line 67]
2011-02-17 13:45:23 Notice: Notice (8): Use of undefined constant UPLOAD_ERR_EXTENSION - assumed 'UPLOAD_ERR_EXTENSION' in [/var/www/vhosts/sinapsescopio.es/httpdocs/proyectoCadena/app/controllers/components/attachment.php, line 374]
2011-02-17 13:45:32 Notice: Notice (8): Undefined index:  user in [/var/www/vhosts/sinapsescopio.es/httpdocs/proyectoCadena/app/controllers/invitations_controller.php, line 37]
2011-02-17 13:50:09 Notice: Notice (8): Undefined index:  user in [/var/www/vhosts/sinapsescopio.es/httpdocs/proyectoCadena/app/controllers/invitations_controller.php, line 37]
2011-02-17 13:57:00 Notice: Notice (8): Undefined index:  camello in [/var/www/vhosts/sinapsescopio.es/httpdocs/proyectoCadena/app/controllers/components/attachment.php, line 67]
2011-02-17 13:57:00 Notice: Notice (8): Use of undefined constant UPLOAD_ERR_EXTENSION - assumed 'UPLOAD_ERR_EXTENSION' in [/var/www/vhosts/sinapsescopio.es/httpdocs/proyectoCadena/app/controllers/components/attachment.php, line 374]
2011-02-17 13:57:08 Notice: Notice (8): Undefined index:  user in [/var/www/vhosts/sinapsescopio.es/httpdocs/proyectoCadena/app/controllers/invitations_controller.php, line 37]
2011-02-17 14:01:46 Notice: Notice (8): Undefined index:  user in [/var/www/vhosts/sinapsescopio.es/httpdocs/proyectoCadena/app/controllers/invitations_controller.php, line 37]
2011-02-18 12:56:23 Notice: Notice (8): Undefined variable: item in [/var/www/vhosts/sinapsescopio.es/httpdocs/proyectoCadena/app/views/items/view.ctp, line 20]
2011-02-18 12:56:23 Notice: Notice (8): Undefined variable: item in [/var/www/vhosts/sinapsescopio.es/httpdocs/proyectoCadena/app/views/items/view.ctp, line 21]
2011-02-18 12:56:23 Notice: Notice (8): Undefined variable: item in [/var/www/vhosts/sinapsescopio.es/httpdocs/proyectoCadena/app/views/items/view.ctp, line 22]
2011-02-18 12:56:23 Notice: Notice (8): Undefined variable: item in [/var/www/vhosts/sinapsescopio.es/httpdocs/proyectoCadena/app/views/items/view.ctp, line 23]
2011-02-18 12:56:23 Notice: Notice (8): Undefined variable: item in [/var/www/vhosts/sinapsescopio.es/httpdocs/proyectoCadena/app/views/items/view.ctp, line 24]
2011-02-18 12:56:23 Notice: Notice (8): Undefined variable: item in [/var/www/vhosts/sinapsescopio.es/httpdocs/proyectoCadena/app/views/items/view.ctp, line 25]
2011-02-18 12:56:23 Notice: Notice (8): Undefined variable: item in [/var/www/vhosts/sinapsescopio.es/httpdocs/proyectoCadena/app/views/items/view.ctp, line 26]
2011-02-18 12:56:23 Notice: Notice (8): Undefined variable: item in [/var/www/vhosts/sinapsescopio.es/httpdocs/proyectoCadena/app/views/items/view.ctp, line 27]
2011-02-18 12:56:23 Notice: Notice (8): Undefined variable: id in [/var/www/vhosts/sinapsescopio.es/httpdocs/proyectoCadena/app/views/items/view.ctp, line 34]
2011-02-18 12:56:24 Notice: Notice (8): Undefined variable: comments in [/var/www/vhosts/sinapsescopio.es/httpdocs/proyectoCadena/app/views/items/view.ctp, line 49]
2011-02-18 12:56:24 Notice: Notice (8): Undefined variable: id in [/var/www/vhosts/sinapsescopio.es/httpdocs/proyectoCadena/app/views/items/view.ctp, line 68]
2011-02-18 12:56:37 Notice: Notice (8): Undefined variable: item in [/var/www/vhosts/sinapsescopio.es/httpdocs/proyectoCadena/app/views/items/view.ctp, line 20]
2011-02-18 12:56:37 Notice: Notice (8): Undefined variable: item in [/var/www/vhosts/sinapsescopio.es/httpdocs/proyectoCadena/app/views/items/view.ctp, line 21]
2011-02-18 12:56:37 Notice: Notice (8): Undefined variable: item in [/var/www/vhosts/sinapsescopio.es/httpdocs/proyectoCadena/app/views/items/view.ctp, line 22]
2011-02-18 12:56:37 Notice: Notice (8): Undefined variable: item in [/var/www/vhosts/sinapsescopio.es/httpdocs/proyectoCadena/app/views/items/view.ctp, line 23]
2011-02-18 12:56:37 Notice: Notice (8): Undefined variable: item in [/var/www/vhosts/sinapsescopio.es/httpdocs/proyectoCadena/app/views/items/view.ctp, line 24]
2011-02-18 12:56:37 Notice: Notice (8): Undefined variable: item in [/var/www/vhosts/sinapsescopio.es/httpdocs/proyectoCadena/app/views/items/view.ctp, line 25]
2011-02-18 12:56:37 Notice: Notice (8): Undefined variable: item in [/var/www/vhosts/sinapsescopio.es/httpdocs/proyectoCadena/app/views/items/view.ctp, line 26]
2011-02-18 12:56:37 Notice: Notice (8): Undefined variable: item in [/var/www/vhosts/sinapsescopio.es/httpdocs/proyectoCadena/app/views/items/view.ctp, line 27]
2011-02-18 12:56:37 Notice: Notice (8): Undefined variable: id in [/var/www/vhosts/sinapsescopio.es/httpdocs/proyectoCadena/app/views/items/view.ctp, line 34]
2011-02-18 12:56:37 Notice: Notice (8): Undefined variable: comments in [/var/www/vhosts/sinapsescopio.es/httpdocs/proyectoCadena/app/views/items/view.ctp, line 49]
2011-02-18 12:56:37 Notice: Notice (8): Undefined variable: id in [/var/www/vhosts/sinapsescopio.es/httpdocs/proyectoCadena/app/views/items/view.ctp, line 68]
2011-02-18 12:56:44 Notice: Notice (8): Undefined variable: item in [/var/www/vhosts/sinapsescopio.es/httpdocs/proyectoCadena/app/views/items/view.ctp, line 20]
2011-02-18 12:56:44 Notice: Notice (8): Undefined variable: item in [/var/www/vhosts/sinapsescopio.es/httpdocs/proyectoCadena/app/views/items/view.ctp, line 21]
2011-02-18 12:56:44 Notice: Notice (8): Undefined variable: item in [/var/www/vhosts/sinapsescopio.es/httpdocs/proyectoCadena/app/views/items/view.ctp, line 22]
2011-02-18 12:56:44 Notice: Notice (8): Undefined variable: item in [/var/www/vhosts/sinapsescopio.es/httpdocs/proyectoCadena/app/views/items/view.ctp, line 23]
2011-02-18 12:56:44 Notice: Notice (8): Undefined variable: item in [/var/www/vhosts/sinapsescopio.es/httpdocs/proyectoCadena/app/views/items/view.ctp, line 24]
2011-02-18 12:56:44 Notice: Notice (8): Undefined variable: item in [/var/www/vhosts/sinapsescopio.es/httpdocs/proyectoCadena/app/views/items/view.ctp, line 25]
2011-02-18 12:56:44 Notice: Notice (8): Undefined variable: item in [/var/www/vhosts/sinapsescopio.es/httpdocs/proyectoCadena/app/views/items/view.ctp, line 26]
2011-02-18 12:56:44 Notice: Notice (8): Undefined variable: item in [/var/www/vhosts/sinapsescopio.es/httpdocs/proyectoCadena/app/views/items/view.ctp, line 27]
2011-02-18 12:56:44 Notice: Notice (8): Undefined variable: id in [/var/www/vhosts/sinapsescopio.es/httpdocs/proyectoCadena/app/views/items/view.ctp, line 34]
2011-02-18 12:56:44 Notice: Notice (8): Undefined variable: comments in [/var/www/vhosts/sinapsescopio.es/httpdocs/proyectoCadena/app/views/items/view.ctp, line 49]
2011-02-18 12:56:44 Notice: Notice (8): Undefined variable: id in [/var/www/vhosts/sinapsescopio.es/httpdocs/proyectoCadena/app/views/items/view.ctp, line 68]
2011-02-18 13:08:52 Notice: Notice (8): Undefined index:  user in [/var/www/vhosts/sinapsescopio.es/httpdocs/proyectoCadena/app/controllers/invitations_controller.php, line 37]
2011-02-18 13:13:02 Notice: Notice (8): Use of undefined constant UPLOAD_ERR_EXTENSION - assumed 'UPLOAD_ERR_EXTENSION' in [/var/www/vhosts/sinapsescopio.es/httpdocs/proyectoCadena/app/controllers/components/attachment.php, line 374]
2011-02-18 13:13:07 Notice: Notice (8): Undefined index:  user in [/var/www/vhosts/sinapsescopio.es/httpdocs/proyectoCadena/app/controllers/invitations_controller.php, line 37]
2011-02-18 13:15:06 Notice: Notice (8): Undefined index:  item in [/var/www/vhosts/sinapsescopio.es/httpdocs/proyectoCadena/app/controllers/components/attachment.php, line 67]
2011-02-18 13:15:06 Notice: Notice (8): Use of undefined constant UPLOAD_ERR_EXTENSION - assumed 'UPLOAD_ERR_EXTENSION' in [/var/www/vhosts/sinapsescopio.es/httpdocs/proyectoCadena/app/controllers/components/attachment.php, line 374]
2011-02-18 13:15:11 Notice: Notice (8): Undefined index:  user in [/var/www/vhosts/sinapsescopio.es/httpdocs/proyectoCadena/app/controllers/invitations_controller.php, line 37]
2011-02-18 13:16:45 Notice: Notice (8): Undefined index:  item in [/var/www/vhosts/sinapsescopio.es/httpdocs/proyectoCadena/app/controllers/components/attachment.php, line 67]
2011-02-18 13:16:45 Notice: Notice (8): Use of undefined constant UPLOAD_ERR_EXTENSION - assumed 'UPLOAD_ERR_EXTENSION' in [/var/www/vhosts/sinapsescopio.es/httpdocs/proyectoCadena/app/controllers/components/attachment.php, line 374]
2011-02-18 13:16:50 Notice: Notice (8): Undefined index:  user in [/var/www/vhosts/sinapsescopio.es/httpdocs/proyectoCadena/app/controllers/invitations_controller.php, line 37]
2011-02-18 13:21:46 Notice: Notice (8): Use of undefined constant UPLOAD_ERR_EXTENSION - assumed 'UPLOAD_ERR_EXTENSION' in [/var/www/vhosts/sinapsescopio.es/httpdocs/proyectoCadena/app/controllers/components/attachment.php, line 374]
2011-02-18 13:25:20 Notice: Notice (8): Use of undefined constant UPLOAD_ERR_EXTENSION - assumed 'UPLOAD_ERR_EXTENSION' in [/var/www/vhosts/sinapsescopio.es/httpdocs/proyectoCadena/app/controllers/components/attachment.php, line 374]
2011-02-18 13:27:19 Notice: Notice (8): Use of undefined constant UPLOAD_ERR_EXTENSION - assumed 'UPLOAD_ERR_EXTENSION' in [/var/www/vhosts/sinapsescopio.es/httpdocs/proyectoCadena/app/controllers/components/attachment.php, line 374]
2011-02-18 13:29:38 Notice: Notice (8): Undefined index:  user in [/var/www/vhosts/sinapsescopio.es/httpdocs/proyectoCadena/app/controllers/invitations_controller.php, line 37]
2011-02-18 13:30:44 Notice: Notice (8): Undefined index:  user in [/var/www/vhosts/sinapsescopio.es/httpdocs/proyectoCadena/app/controllers/invitations_controller.php, line 37]
2011-02-18 13:31:36 Notice: Notice (8): Undefined index:  user in [/var/www/vhosts/sinapsescopio.es/httpdocs/proyectoCadena/app/controllers/invitations_controller.php, line 37]
2011-02-18 13:35:27 Notice: Notice (8): Undefined variable: data in [/var/www/vhosts/sinapsescopio.es/httpdocs/proyectoCadena/app/views/items/view.ctp, line 30]
2011-02-22 11:10:12 Notice: Notice (8): Undefined index:  Objetive in [/var/www/vhosts/sinapsescopio.es/httpdocs/proyectoCadena/app/views/chains/index.ctp, line 54]
2011-02-22 11:13:01 Notice: Notice (8): Undefined index:  miles in [/var/www/vhosts/sinapsescopio.es/httpdocs/proyectoCadena/app/views/chains/index.ctp, line 54]
2011-02-22 18:22:21 Notice: Notice (8): Undefined index:  item_type in [/var/www/vhosts/sinapsescopio.es/httpdocs/proyectoCadena/app/controllers/items_controller.php, line 41]
2011-02-22 18:22:50 Notice: Notice (8): Undefined index:  user in [/var/www/vhosts/sinapsescopio.es/httpdocs/proyectoCadena/app/controllers/invitations_controller.php, line 37]
2011-02-22 18:25:44 Notice: Notice (8): Undefined index:  user in [/var/www/vhosts/sinapsescopio.es/httpdocs/proyectoCadena/app/controllers/invitations_controller.php, line 37]
2011-02-24 12:06:12 Notice: Notice (8): Undefined variable: pending in [/var/www/vhosts/sinapsescopio.es/httpdocs/proyectoCadena/app/views/chains/admin.ctp, line 26]
2011-02-24 12:06:12 Notice: Notice (8): Undefined variable: visited_chains in [/var/www/vhosts/sinapsescopio.es/httpdocs/proyectoCadena/app/views/chains/admin.ctp, line 101]
2011-02-24 12:06:12 Notice: Notice (8): Undefined variable: comment_chains in [/var/www/vhosts/sinapsescopio.es/httpdocs/proyectoCadena/app/views/chains/admin.ctp, line 130]
2011-02-24 12:06:12 Notice: Notice (8): Undefined variable: voted_chains in [/var/www/vhosts/sinapsescopio.es/httpdocs/proyectoCadena/app/views/chains/admin.ctp, line 160]
2011-02-24 12:06:12 Notice: Notice (8): Undefined variable: item_chains in [/var/www/vhosts/sinapsescopio.es/httpdocs/proyectoCadena/app/views/chains/admin.ctp, line 188]
2011-02-24 12:06:12 Notice: Notice (8): Undefined variable: user_chains in [/var/www/vhosts/sinapsescopio.es/httpdocs/proyectoCadena/app/views/chains/admin.ctp, line 216]
2011-02-24 12:06:12 Notice: Notice (8): Undefined variable: join_chains in [/var/www/vhosts/sinapsescopio.es/httpdocs/proyectoCadena/app/views/chains/admin.ctp, line 242]
2011-02-24 12:07:29 Notice: Notice (8): Undefined variable: pending in [/var/www/vhosts/sinapsescopio.es/httpdocs/proyectoCadena/app/views/chains/admin.ctp, line 26]
2011-02-24 12:15:44 Notice: Notice (8): Undefined index:  approved in [/var/www/vhosts/sinapsescopio.es/httpdocs/proyectoCadena/app/views/chains/admin.ctp, line 58]
2011-02-24 12:58:13 Notice: Notice (8): Undefined index:  Chain in [/var/www/vhosts/sinapsescopio.es/httpdocs/proyectoCadena/app/views/items/admin.ctp, line 47]
2011-02-24 12:58:13 Notice: Notice (8): Undefined index:  chain_id in [/var/www/vhosts/sinapsescopio.es/httpdocs/proyectoCadena/app/views/items/admin.ctp, line 53]
2011-02-24 12:58:13 Notice: Notice (8): Undefined index:  type in [/var/www/vhosts/sinapsescopio.es/httpdocs/proyectoCadena/app/views/items/admin.ctp, line 54]
2011-02-24 12:58:13 Notice: Notice (8): Undefined index:  position in [/var/www/vhosts/sinapsescopio.es/httpdocs/proyectoCadena/app/views/items/admin.ctp, line 55]
2011-02-24 12:59:49 Notice: Notice (8): Undefined index:  chain_id in [/var/www/vhosts/sinapsescopio.es/httpdocs/proyectoCadena/app/views/items/admin.ctp, line 53]
2011-02-24 12:59:49 Notice: Notice (8): Undefined index:  type in [/var/www/vhosts/sinapsescopio.es/httpdocs/proyectoCadena/app/views/items/admin.ctp, line 54]
2011-02-24 12:59:49 Notice: Notice (8): Undefined index:  position in [/var/www/vhosts/sinapsescopio.es/httpdocs/proyectoCadena/app/views/items/admin.ctp, line 55]
2011-02-24 13:00:09 Notice: Notice (8): Undefined index:  type in [/var/www/vhosts/sinapsescopio.es/httpdocs/proyectoCadena/app/views/items/admin.ctp, line 54]
2011-02-24 13:00:09 Notice: Notice (8): Undefined index:  position in [/var/www/vhosts/sinapsescopio.es/httpdocs/proyectoCadena/app/views/items/admin.ctp, line 55]
2011-02-24 13:00:31 Notice: Notice (8): Undefined index:  position in [/var/www/vhosts/sinapsescopio.es/httpdocs/proyectoCadena/app/views/items/admin.ctp, line 55]
2011-02-24 13:24:33 Notice: Notice (8): Undefined property:  stdClass::$alias in [/var/www/vhosts/sinapsescopio.es/httpdocs/proyectoCadena/cake/libs/controller/controller.php, line 1111]
2011-02-24 13:25:08 Notice: Notice (8): Undefined variable: comment in [/var/www/vhosts/sinapsescopio.es/httpdocs/proyectoCadena/app/views/comments/admin.ctp, line 43]
2011-02-24 13:25:08 Notice: Notice (8): Undefined variable: comment in [/var/www/vhosts/sinapsescopio.es/httpdocs/proyectoCadena/app/views/comments/admin.ctp, line 44]
2011-02-24 13:25:08 Notice: Notice (8): Undefined variable: comment in [/var/www/vhosts/sinapsescopio.es/httpdocs/proyectoCadena/app/views/comments/admin.ctp, line 45]
2011-02-24 13:25:08 Notice: Notice (8): Undefined variable: comment in [/var/www/vhosts/sinapsescopio.es/httpdocs/proyectoCadena/app/views/comments/admin.ctp, line 46]
2011-02-24 13:25:08 Notice: Notice (8): Undefined variable: comment in [/var/www/vhosts/sinapsescopio.es/httpdocs/proyectoCadena/app/views/comments/admin.ctp, line 47]
2011-02-24 13:25:08 Notice: Notice (8): Undefined variable: comment in [/var/www/vhosts/sinapsescopio.es/httpdocs/proyectoCadena/app/views/comments/admin.ctp, line 48]
2011-02-24 13:25:08 Notice: Notice (8): Undefined variable: comment in [/var/www/vhosts/sinapsescopio.es/httpdocs/proyectoCadena/app/views/comments/admin.ctp, line 49]
2011-02-24 13:25:08 Notice: Notice (8): Undefined variable: comment in [/var/www/vhosts/sinapsescopio.es/httpdocs/proyectoCadena/app/views/comments/admin.ctp, line 51]
2011-02-24 13:25:41 Notice: Notice (8): Undefined variable: comment in [/var/www/vhosts/sinapsescopio.es/httpdocs/proyectoCadena/app/views/comments/admin.ctp, line 43]
2011-02-24 13:25:41 Notice: Notice (8): Undefined variable: comment in [/var/www/vhosts/sinapsescopio.es/httpdocs/proyectoCadena/app/views/comments/admin.ctp, line 44]
2011-02-24 13:25:41 Notice: Notice (8): Undefined variable: comment in [/var/www/vhosts/sinapsescopio.es/httpdocs/proyectoCadena/app/views/comments/admin.ctp, line 45]
2011-02-24 13:25:41 Notice: Notice (8): Undefined variable: comment in [/var/www/vhosts/sinapsescopio.es/httpdocs/proyectoCadena/app/views/comments/admin.ctp, line 46]
2011-02-24 13:25:41 Notice: Notice (8): Undefined variable: comment in [/var/www/vhosts/sinapsescopio.es/httpdocs/proyectoCadena/app/views/comments/admin.ctp, line 47]
2011-02-24 13:25:41 Notice: Notice (8): Undefined variable: comment in [/var/www/vhosts/sinapsescopio.es/httpdocs/proyectoCadena/app/views/comments/admin.ctp, line 48]
2011-02-24 13:25:41 Notice: Notice (8): Undefined variable: comment in [/var/www/vhosts/sinapsescopio.es/httpdocs/proyectoCadena/app/views/comments/admin.ctp, line 49]
2011-02-24 13:25:41 Notice: Notice (8): Undefined variable: comment in [/var/www/vhosts/sinapsescopio.es/httpdocs/proyectoCadena/app/views/comments/admin.ctp, line 51]
2011-02-24 13:38:15 Notice: Notice (8): Use of undefined constant admin - assumed 'admin' in [/var/www/vhosts/sinapsescopio.es/httpdocs/proyectoCadena/app/views/chains/index.ctp, line 14]
2011-02-24 13:46:56 Notice: Notice (8): Undefined variable: chain in [/var/www/vhosts/sinapsescopio.es/httpdocs/proyectoCadena/app/views/items/view.ctp, line 70]
2011-02-24 17:44:16 Notice: Notice (8): Undefined index:  user in [/var/www/vhosts/sinapsescopio.es/httpdocs/proyectoCadena/app/views/chains/view.ctp, line 95]
2011-02-24 17:45:01 Notice: Notice (8): Undefined index:  user in [/var/www/vhosts/sinapsescopio.es/httpdocs/proyectoCadena/app/views/items/view.ctp, line 66]
2011-02-24 17:45:48 Notice: Notice (8): Undefined index:  user in [/var/www/vhosts/sinapsescopio.es/httpdocs/proyectoCadena/app/views/comments/admin.ctp, line 48]
2011-02-24 19:25:07 Notice: Notice (8): Undefined variable: data in [/var/www/vhosts/sinapsescopio.es/httpdocs/proyectoCadena/app/views/users/view.ctp, line 35]
2011-02-24 19:47:35 Notice: Notice (8): Undefined variable: mathCaptcha in [/var/www/vhosts/sinapsescopio.es/httpdocs/proyectoCadena/app/views/chains/add.ctp, line 15]
2011-02-24 19:49:56 Notice: Notice (8): Undefined variable: mathCaptcha in [/var/www/vhosts/sinapsescopio.es/httpdocs/proyectoCadena/app/views/chains/add.ctp, line 15]
2011-02-24 19:55:47 Notice: Notice (8): Undefined index:  user in [/var/www/vhosts/sinapsescopio.es/httpdocs/proyectoCadena/app/controllers/invitations_controller.php, line 37]
2011-02-24 20:01:06 Notice: Notice (8): Undefined index:  user in [/var/www/vhosts/sinapsescopio.es/httpdocs/proyectoCadena/app/controllers/invitations_controller.php, line 37]
2011-02-24 20:26:13 Notice: Notice (8): Undefined index:  user in [/var/www/vhosts/sinapsescopio.es/httpdocs/proyectoCadena/app/controllers/invitations_controller.php, line 37]
2011-02-28 15:04:32 Notice: Notice (8): Use of undefined constant VALID_NOT_EMPTY - assumed 'VALID_NOT_EMPTY' in [/var/www/vhosts/sinapsescopio.es/httpdocs/proyectoCadena/cake/libs/class_registry.php, line 141]
2011-03-03 13:24:34 Notice: Notice (8): Undefined variable: id in [/var/www/vhosts/sinapsescopio.es/httpdocs/proyectoCadena/app/controllers/favorites_controller.php, line 25]
2011-03-03 13:25:25 Notice: Notice (8): Undefined variable: id in [/var/www/vhosts/sinapsescopio.es/httpdocs/proyectoCadena/app/controllers/favorites_controller.php, line 25]
2011-03-03 13:25:36 Notice: Notice (8): Undefined variable: id in [/var/www/vhosts/sinapsescopio.es/httpdocs/proyectoCadena/app/controllers/favorites_controller.php, line 25]
2011-03-03 13:25:45 Notice: Notice (8): Undefined variable: id in [/var/www/vhosts/sinapsescopio.es/httpdocs/proyectoCadena/app/controllers/favorites_controller.php, line 25]
2011-03-03 13:25:51 Notice: Notice (8): Undefined variable: id in [/var/www/vhosts/sinapsescopio.es/httpdocs/proyectoCadena/app/controllers/favorites_controller.php, line 25]
2011-03-03 13:26:17 Notice: Notice (8): Undefined variable: id in [/var/www/vhosts/sinapsescopio.es/httpdocs/proyectoCadena/app/controllers/favorites_controller.php, line 25]
2011-03-03 13:26:17 Notice: Notice (8): Undefined variable: id in [/var/www/vhosts/sinapsescopio.es/httpdocs/proyectoCadena/app/controllers/favorites_controller.php, line 31]
2011-03-03 13:26:40 Notice: Notice (8): Undefined variable: id in [/var/www/vhosts/sinapsescopio.es/httpdocs/proyectoCadena/app/controllers/favorites_controller.php, line 25]
2011-03-03 13:26:40 Notice: Notice (8): Undefined variable: id in [/var/www/vhosts/sinapsescopio.es/httpdocs/proyectoCadena/app/controllers/favorites_controller.php, line 31]
2011-03-03 13:34:37 Notice: Notice (8): Undefined index:  Chain in [/var/www/vhosts/sinapsescopio.es/httpdocs/proyectoCadena/app/views/users/account.ctp, line 92]
2011-03-03 13:34:37 Notice: Notice (8): Undefined index:  Chain in [/var/www/vhosts/sinapsescopio.es/httpdocs/proyectoCadena/app/views/users/account.ctp, line 93]
2011-03-03 13:34:37 Notice: Notice (8): Undefined index:  Chain in [/var/www/vhosts/sinapsescopio.es/httpdocs/proyectoCadena/app/views/users/account.ctp, line 94]
2011-03-03 13:44:58 Notice: Notice (8): Undefined index:  id in [/var/www/vhosts/sinapsescopio.es/httpdocs/proyectoCadena/app/controllers/users_controller.php, line 102]
2011-03-03 13:45:51 Notice: Notice (8): Undefined variable: id in [/var/www/vhosts/sinapsescopio.es/httpdocs/proyectoCadena/app/controllers/favorites_controller.php, line 25]
2011-03-03 13:45:51 Notice: Notice (8): Undefined variable: id in [/var/www/vhosts/sinapsescopio.es/httpdocs/proyectoCadena/app/controllers/favorites_controller.php, line 31]
2011-03-03 13:46:10 Notice: Notice (8): Undefined variable: id in [/var/www/vhosts/sinapsescopio.es/httpdocs/proyectoCadena/app/controllers/favorites_controller.php, line 25]
2011-03-03 13:46:10 Notice: Notice (8): Undefined variable: id in [/var/www/vhosts/sinapsescopio.es/httpdocs/proyectoCadena/app/controllers/favorites_controller.php, line 31]
2011-03-03 13:47:10 Notice: Notice (8): Undefined variable: id in [/var/www/vhosts/sinapsescopio.es/httpdocs/proyectoCadena/app/controllers/favorites_controller.php, line 25]
2011-03-03 13:47:10 Notice: Notice (8): Undefined variable: id in [/var/www/vhosts/sinapsescopio.es/httpdocs/proyectoCadena/app/controllers/favorites_controller.php, line 31]
2011-03-03 13:47:10 Notice: Notice (8): Undefined index:  Favorite in [/var/www/vhosts/sinapsescopio.es/httpdocs/proyectoCadena/app/views/users/account.ctp, line 92]
2011-03-03 13:47:10 Notice: Notice (8): Undefined index:  Favorite in [/var/www/vhosts/sinapsescopio.es/httpdocs/proyectoCadena/app/views/users/account.ctp, line 93]
2011-03-03 13:49:10 Notice: Notice (8): Undefined index:  Favorite in [/var/www/vhosts/sinapsescopio.es/httpdocs/proyectoCadena/app/views/users/account.ctp, line 92]
2011-03-03 13:49:10 Notice: Notice (8): Undefined index:  Favorite in [/var/www/vhosts/sinapsescopio.es/httpdocs/proyectoCadena/app/views/users/account.ctp, line 93]
2011-03-03 14:00:05 Notice: Notice (8): Undefined variable: add_fav in [/var/www/vhosts/sinapsescopio.es/httpdocs/proyectoCadena/app/views/users/account.ctp, line 107]
2011-03-03 14:00:12 Notice: Notice (8): Undefined variable: add_fav in [/var/www/vhosts/sinapsescopio.es/httpdocs/proyectoCadena/app/views/users/account.ctp, line 107]
2011-03-03 14:04:39 Notice: Notice (8): Undefined variable: id in [/var/www/vhosts/sinapsescopio.es/httpdocs/proyectoCadena/app/controllers/favorites_controller.php, line 25]
2011-03-03 14:07:28 Notice: Notice (8): Undefined variable: id in [/var/www/vhosts/sinapsescopio.es/httpdocs/proyectoCadena/app/controllers/favorites_controller.php, line 25]
2011-03-03 14:08:00 Notice: Notice (8): Undefined variable: id in [/var/www/vhosts/sinapsescopio.es/httpdocs/proyectoCadena/app/controllers/favorites_controller.php, line 25]
2011-03-03 14:08:00 Notice: Notice (8): Undefined variable: id in [/var/www/vhosts/sinapsescopio.es/httpdocs/proyectoCadena/app/controllers/favorites_controller.php, line 31]
2011-03-03 14:08:42 Notice: Notice (8): Undefined variable: id in [/var/www/vhosts/sinapsescopio.es/httpdocs/proyectoCadena/app/controllers/favorites_controller.php, line 25]
2011-03-03 14:08:46 Notice: Notice (8): Undefined variable: id in [/var/www/vhosts/sinapsescopio.es/httpdocs/proyectoCadena/app/controllers/favorites_controller.php, line 25]
2011-03-03 14:09:46 Notice: Notice (8): Undefined variable: id in [/var/www/vhosts/sinapsescopio.es/httpdocs/proyectoCadena/app/controllers/favorites_controller.php, line 25]
2011-03-03 14:12:39 Notice: Notice (8): Undefined variable: id in [/var/www/vhosts/sinapsescopio.es/httpdocs/proyectoCadena/app/controllers/favorites_controller.php, line 25]
2011-03-03 14:12:39 Notice: Notice (8): Undefined variable: id in [/var/www/vhosts/sinapsescopio.es/httpdocs/proyectoCadena/app/controllers/favorites_controller.php, line 31]
2011-03-03 14:15:15 Notice: Notice (8): Undefined variable: id in [/var/www/vhosts/sinapsescopio.es/httpdocs/proyectoCadena/app/controllers/favorites_controller.php, line 25]
2011-03-03 14:15:15 Notice: Notice (8): Undefined variable: id in [/var/www/vhosts/sinapsescopio.es/httpdocs/proyectoCadena/app/controllers/favorites_controller.php, line 31]
2011-03-03 14:15:46 Notice: Notice (8): Undefined variable: id in [/var/www/vhosts/sinapsescopio.es/httpdocs/proyectoCadena/app/controllers/favorites_controller.php, line 25]
2011-03-03 14:15:46 Notice: Notice (8): Undefined variable: id in [/var/www/vhosts/sinapsescopio.es/httpdocs/proyectoCadena/app/controllers/favorites_controller.php, line 31]
2011-03-03 14:39:48 Notice: Notice (8): Undefined variable: id in [/var/www/vhosts/sinapsescopio.es/httpdocs/proyectoCadena/app/controllers/favorites_controller.php, line 25]
2011-03-03 14:39:48 Notice: Notice (8): Undefined variable: id in [/var/www/vhosts/sinapsescopio.es/httpdocs/proyectoCadena/app/controllers/favorites_controller.php, line 31]
2011-03-03 17:04:11 Notice: Notice (8): Undefined variable: id in [/var/www/vhosts/sinapsescopio.es/httpdocs/proyectoCadena/app/controllers/favorites_controller.php, line 25]
2011-03-03 17:04:11 Notice: Notice (8): Undefined variable: id in [/var/www/vhosts/sinapsescopio.es/httpdocs/proyectoCadena/app/controllers/favorites_controller.php, line 31]
2011-03-03 17:04:11 Notice: Notice (8): Undefined variable: id in [/var/www/vhosts/sinapsescopio.es/httpdocs/proyectoCadena/app/controllers/favorites_controller.php, line 25]
2011-03-03 17:04:11 Notice: Notice (8): Undefined variable: id in [/var/www/vhosts/sinapsescopio.es/httpdocs/proyectoCadena/app/controllers/favorites_controller.php, line 31]
2011-03-03 17:04:39 Notice: Notice (8): Undefined variable: id in [/var/www/vhosts/sinapsescopio.es/httpdocs/proyectoCadena/app/controllers/favorites_controller.php, line 25]
2011-03-03 17:04:39 Notice: Notice (8): Undefined variable: id in [/var/www/vhosts/sinapsescopio.es/httpdocs/proyectoCadena/app/controllers/favorites_controller.php, line 31]
2011-03-03 17:04:40 Notice: Notice (8): Undefined variable: id in [/var/www/vhosts/sinapsescopio.es/httpdocs/proyectoCadena/app/controllers/favorites_controller.php, line 25]
2011-03-03 17:04:40 Notice: Notice (8): Undefined variable: id in [/var/www/vhosts/sinapsescopio.es/httpdocs/proyectoCadena/app/controllers/favorites_controller.php, line 31]
2011-03-04 11:14:51 Notice: Notice (8): Object of class ChainsController to string conversion in [/var/www/vhosts/sinapsescopio.es/httpdocs/proyectoCadena/app/controllers/chains_controller.php, line 240]
2011-03-04 11:14:51 Notice: Notice (8): Undefined variable: Object in [/var/www/vhosts/sinapsescopio.es/httpdocs/proyectoCadena/app/controllers/chains_controller.php, line 240]
2011-03-04 11:14:51 Notice: Notice (8): Trying to get property of non-object in [/var/www/vhosts/sinapsescopio.es/httpdocs/proyectoCadena/app/controllers/chains_controller.php, line 240]
2011-03-04 11:15:11 Notice: Notice (8): Undefined variable: chain in [/var/www/vhosts/sinapsescopio.es/httpdocs/proyectoCadena/app/views/chains/last_chain.ctp, line 18]
2011-03-04 11:15:11 Notice: Notice (8): Undefined variable: chain in [/var/www/vhosts/sinapsescopio.es/httpdocs/proyectoCadena/app/views/chains/last_chain.ctp, line 19]
2011-03-04 11:15:42 Notice: Notice (8): Undefined variable: chain in [/var/www/vhosts/sinapsescopio.es/httpdocs/proyectoCadena/app/views/chains/last_chain.ctp, line 18]
2011-03-04 11:15:42 Notice: Notice (8): Undefined variable: chain in [/var/www/vhosts/sinapsescopio.es/httpdocs/proyectoCadena/app/views/chains/last_chain.ctp, line 19]
2011-03-04 11:15:44 Notice: Notice (8): Undefined variable: chain in [/var/www/vhosts/sinapsescopio.es/httpdocs/proyectoCadena/app/views/chains/last_chain.ctp, line 18]
2011-03-04 11:15:44 Notice: Notice (8): Undefined variable: chain in [/var/www/vhosts/sinapsescopio.es/httpdocs/proyectoCadena/app/views/chains/last_chain.ctp, line 19]
2011-03-04 11:16:02 Notice: Notice (8): Undefined variable: chain in [/var/www/vhosts/sinapsescopio.es/httpdocs/proyectoCadena/app/views/chains/last_chain.ctp, line 18]
2011-03-04 11:16:02 Notice: Notice (8): Undefined variable: chain in [/var/www/vhosts/sinapsescopio.es/httpdocs/proyectoCadena/app/views/chains/last_chain.ctp, line 19]
2011-03-04 11:16:09 Notice: Notice (8): Undefined variable: chain in [/var/www/vhosts/sinapsescopio.es/httpdocs/proyectoCadena/app/views/chains/last_chain.ctp, line 18]
2011-03-04 11:16:09 Notice: Notice (8): Undefined variable: chain in [/var/www/vhosts/sinapsescopio.es/httpdocs/proyectoCadena/app/views/chains/last_chain.ctp, line 19]
2011-03-04 11:25:21 Notice: Notice (8): Undefined index:  user in [/var/www/vhosts/sinapsescopio.es/httpdocs/proyectoCadena/app/controllers/invitations_controller.php, line 37]
2011-03-04 11:27:18 Notice: Notice (8): Undefined index:  user in [/var/www/vhosts/sinapsescopio.es/httpdocs/proyectoCadena/app/controllers/invitations_controller.php, line 37]
2011-03-04 12:05:35 Notice: Notice (8): Undefined variable: receiver_username in [/var/www/vhosts/sinapsescopio.es/httpdocs/proyectoCadena/app/views/messages/write.ctp, line 5]
2011-03-04 12:17:36 Notice: Notice (8): Undefined variable: paginator in [/var/www/vhosts/sinapsescopio.es/httpdocs/proyectoCadena/app/views/messages/inbox.ctp, line 21]
2011-03-04 12:18:22 Notice: Notice (8): Undefined index:  User in [/var/www/vhosts/sinapsescopio.es/httpdocs/proyectoCadena/app/views/messages/inbox.ctp, line 31]
2011-03-04 12:18:35 Notice: Notice (8): Undefined index:  From in [/var/www/vhosts/sinapsescopio.es/httpdocs/proyectoCadena/app/views/messages/inbox.ctp, line 31]
2011-03-04 12:19:11 Notice: Notice (8): Undefined index:  User in [/var/www/vhosts/sinapsescopio.es/httpdocs/proyectoCadena/app/views/messages/inbox.ctp, line 31]
2011-03-04 12:20:50 Notice: Notice (8): Undefined index:  From in [/var/www/vhosts/sinapsescopio.es/httpdocs/proyectoCadena/app/views/messages/inbox.ctp, line 31]
2011-03-04 12:22:31 Notice: Notice (8): Undefined index:  user_id in [/var/www/vhosts/sinapsescopio.es/httpdocs/proyectoCadena/app/views/messages/inbox.ctp, line 31]
2011-03-04 12:22:59 Notice: Notice (8): Undefined index:  username in [/var/www/vhosts/sinapsescopio.es/httpdocs/proyectoCadena/app/views/messages/inbox.ctp, line 31]
2011-03-04 12:23:01 Notice: Notice (8): Undefined index:  username in [/var/www/vhosts/sinapsescopio.es/httpdocs/proyectoCadena/app/views/messages/inbox.ctp, line 31]
