2011-01-18 02:08:30 Warning: Warning (512): <span style="color:Red;text-align:left"><b>SQL Error:</b> 1062: Duplicate entry 'javi' for key 2</span> in [/var/www/vhosts/sinapsescopio.es/httpdocs/proyectoCadena/cake/libs/model/datasources/dbo_source.php, line 684]
2011-01-18 02:10:43 Warning: Warning (512): <span style="color:Red;text-align:left"><b>SQL Error:</b> 1062: Duplicate entry 'javi' for key 2</span> in [/var/www/vhosts/sinapsescopio.es/httpdocs/proyectoCadena/cake/libs/model/datasources/dbo_source.php, line 684]
2011-01-18 02:11:40 Warning: Warning (512): <span style="color:Red;text-align:left"><b>SQL Error:</b> 1062: Duplicate entry 'javi' for key 2</span> in [/var/www/vhosts/sinapsescopio.es/httpdocs/proyectoCadena/cake/libs/model/datasources/dbo_source.php, line 684]
2011-01-18 23:34:56 Warning: Warning (512): <span style="color:Red;text-align:left"><b>SQL Error:</b> 1054: Unknown column 'Item.n_hits' in 'field list'</span> in [/var/www/vhosts/sinapsescopio.es/httpdocs/proyectoCadena/cake/libs/model/datasources/dbo_source.php, line 684]
2011-01-18 23:51:13 Warning: Warning (2): Missing argument 2 for CommentsController::add() in [/var/www/vhosts/sinapsescopio.es/httpdocs/proyectoCadena/app/controllers/comments_controller.php, line 15]
2011-01-18 23:51:13 Warning: Warning (2): Cannot modify header information - headers already sent by (output started at /var/www/vhosts/sinapsescopio.es/httpdocs/proyectoCadena/cake/libs/debugger.php:673) in [/var/www/vhosts/sinapsescopio.es/httpdocs/proyectoCadena/cake/libs/controller/controller.php, line 746]
2011-01-18 23:52:25 Warning: Warning (2): Missing argument 2 for CommentsController::add() in [/var/www/vhosts/sinapsescopio.es/httpdocs/proyectoCadena/app/controllers/comments_controller.php, line 15]
2011-01-18 23:52:25 Warning: Warning (2): Cannot modify header information - headers already sent by (output started at /var/www/vhosts/sinapsescopio.es/httpdocs/proyectoCadena/cake/libs/debugger.php:673) in [/var/www/vhosts/sinapsescopio.es/httpdocs/proyectoCadena/cake/libs/controller/controller.php, line 746]
2011-01-18 23:52:49 Warning: Warning (2): Missing argument 2 for CommentsController::add() in [/var/www/vhosts/sinapsescopio.es/httpdocs/proyectoCadena/app/controllers/comments_controller.php, line 15]
2011-01-18 23:52:49 Warning: Warning (2): Cannot modify header information - headers already sent by (output started at /var/www/vhosts/sinapsescopio.es/httpdocs/proyectoCadena/cake/libs/debugger.php:673) in [/var/www/vhosts/sinapsescopio.es/httpdocs/proyectoCadena/cake/libs/controller/controller.php, line 746]
2011-01-19 00:15:11 Warning: Warning (2): Invalid argument supplied for foreach() in [/var/www/vhosts/sinapsescopio.es/httpdocs/proyectoCadena/app/views/chains/index.ctp, line 117]
2011-01-19 00:15:58 Warning: Warning (512): <span style="color:Red;text-align:left"><b>SQL Error:</b> 1054: Unknown column 'Chain.n_commentss' in 'where clause'</span> in [/var/www/vhosts/sinapsescopio.es/httpdocs/proyectoCadena/cake/libs/model/datasources/dbo_source.php, line 684]
2011-01-19 00:15:58 Warning: Warning (2): Invalid argument supplied for foreach() in [/var/www/vhosts/sinapsescopio.es/httpdocs/proyectoCadena/app/views/chains/index.ctp, line 117]
2011-01-19 00:18:29 Warning: Warning (512): <span style="color:Red;text-align:left"><b>SQL Error:</b> 1054: Unknown column 'Item.n_comments' in 'field list'</span> in [/var/www/vhosts/sinapsescopio.es/httpdocs/proyectoCadena/cake/libs/model/datasources/dbo_source.php, line 684]
2011-01-19 01:09:24 Warning: Warning (512): <span style="color:Red;text-align:left"><b>SQL Error:</b> 1048: Column 'chain_id' cannot be null</span> in [/var/www/vhosts/sinapsescopio.es/httpdocs/proyectoCadena/cake/libs/model/datasources/dbo_source.php, line 684]
2011-01-21 14:02:16 Warning: Warning (512): <span style="color:Red;text-align:left"><b>SQL Error:</b> 1054: Unknown column 'Invitation.mail' in 'where clause'</span> in [/var/www/vhosts/sinapsescopio.es/httpdocs/proyectoCadena/cake/libs/model/datasources/dbo_source.php, line 684]
2011-01-21 14:02:39 Warning: Warning (512): <span style="color:Red;text-align:left"><b>SQL Error:</b> 1054: Unknown column 'Invitation.mail' in 'where clause'</span> in [/var/www/vhosts/sinapsescopio.es/httpdocs/proyectoCadena/cake/libs/model/datasources/dbo_source.php, line 684]
2011-01-21 17:14:45 Warning: Warning (2): move_uploaded_file(img/69ee46bda81a149.jpg) [<a href='http://php.net/function.move-uploaded-file'>function.move-uploaded-file</a>]: failed to open stream: Permission denied in [/var/www/vhosts/sinapsescopio.es/httpdocs/proyectoCadena/app/controllers/components/imagenes.php, line 52]
2011-01-21 17:14:45 Warning: Warning (2): move_uploaded_file() [<a href='http://php.net/function.move-uploaded-file'>function.move-uploaded-file</a>]: Unable to move '/tmp/phpNEGgpN' to 'img/69ee46bda81a149.jpg' in [/var/www/vhosts/sinapsescopio.es/httpdocs/proyectoCadena/app/controllers/components/imagenes.php, line 52]
2011-01-21 17:16:46 Warning: Warning (2): move_uploaded_file(img/66744165b020660.jpg) [<a href='http://php.net/function.move-uploaded-file'>function.move-uploaded-file</a>]: failed to open stream: Permission denied in [/var/www/vhosts/sinapsescopio.es/httpdocs/proyectoCadena/app/controllers/components/imagenes.php, line 52]
2011-01-21 17:16:46 Warning: Warning (2): move_uploaded_file() [<a href='http://php.net/function.move-uploaded-file'>function.move-uploaded-file</a>]: Unable to move '/tmp/phprK5ywh' to 'img/66744165b020660.jpg' in [/var/www/vhosts/sinapsescopio.es/httpdocs/proyectoCadena/app/controllers/components/imagenes.php, line 52]
2011-01-21 17:22:21 Warning: Warning (2): imagecreatefromjpeg() [<a href='http://php.net/function.imagecreatefromjpeg'>function.imagecreatefromjpeg</a>]: gd-jpeg: JPEG library reports unrecoverable error:  in [/var/www/vhosts/sinapsescopio.es/httpdocs/proyectoCadena/app/controllers/components/imagenes.php, line 55]
2011-01-21 17:22:21 Warning: Warning (2): imagecreatefromjpeg() [<a href='http://php.net/function.imagecreatefromjpeg'>function.imagecreatefromjpeg</a>]: 'img/171fd4481ca3e1a.jpg' is not a valid JPEG file in [/var/www/vhosts/sinapsescopio.es/httpdocs/proyectoCadena/app/controllers/components/imagenes.php, line 55]
2011-01-21 17:22:21 Warning: Warning (2): imagesx(): supplied argument is not a valid Image resource in [/var/www/vhosts/sinapsescopio.es/httpdocs/proyectoCadena/app/controllers/components/imagenes.php, line 57]
2011-01-21 17:22:21 Warning: Warning (2): imagesy(): supplied argument is not a valid Image resource in [/var/www/vhosts/sinapsescopio.es/httpdocs/proyectoCadena/app/controllers/components/imagenes.php, line 59]
2011-01-21 17:22:21 Warning: Warning (2): imagecreatefromjpeg() [<a href='http://php.net/function.imagecreatefromjpeg'>function.imagecreatefromjpeg</a>]: gd-jpeg: JPEG library reports unrecoverable error:  in [/var/www/vhosts/sinapsescopio.es/httpdocs/proyectoCadena/app/controllers/components/imagenes.php, line 177]
2011-01-21 17:22:21 Warning: Warning (2): imagecreatefromjpeg() [<a href='http://php.net/function.imagecreatefromjpeg'>function.imagecreatefromjpeg</a>]: 'img/171fd4481ca3e1a.jpg' is not a valid JPEG file in [/var/www/vhosts/sinapsescopio.es/httpdocs/proyectoCadena/app/controllers/components/imagenes.php, line 177]
2011-01-21 17:22:21 Warning: Warning (2): imagesx(): supplied argument is not a valid Image resource in [/var/www/vhosts/sinapsescopio.es/httpdocs/proyectoCadena/app/controllers/components/imagenes.php, line 179]
2011-01-21 17:22:21 Warning: Warning (2): imagesy(): supplied argument is not a valid Image resource in [/var/www/vhosts/sinapsescopio.es/httpdocs/proyectoCadena/app/controllers/components/imagenes.php, line 181]
2011-01-21 17:22:21 Warning: Warning (2): imagecopyresampled(): supplied argument is not a valid Image resource in [/var/www/vhosts/sinapsescopio.es/httpdocs/proyectoCadena/app/controllers/components/imagenes.php, line 215]
2011-01-21 17:22:21 Warning: Warning (2): Cannot modify header information - headers already sent by (output started at /var/www/vhosts/sinapsescopio.es/httpdocs/proyectoCadena/cake/libs/debugger.php:673) in [/var/www/vhosts/sinapsescopio.es/httpdocs/proyectoCadena/cake/libs/controller/controller.php, line 746]
2011-01-25 16:32:32 Warning: Warning (512): <span style="color:Red;text-align:left"><b>SQL Error:</b> 1054: Unknown column 'Chain.author' in 'field list'</span> in [/var/www/vhosts/sinapsescopio.es/httpdocs/proyectoCadena/cake/libs/model/datasources/dbo_source.php, line 684]
2011-01-25 16:32:32 Warning: Warning (512): <span style="color:Red;text-align:left"><b>SQL Error:</b> 1054: Unknown column 'Chain.author' in 'where clause'</span> in [/var/www/vhosts/sinapsescopio.es/httpdocs/proyectoCadena/cake/libs/model/datasources/dbo_source.php, line 684]
2011-01-25 16:32:32 Warning: Warning (2): Invalid argument supplied for foreach() in [/var/www/vhosts/sinapsescopio.es/httpdocs/proyectoCadena/app/views/chains/index.ctp, line 43]
2011-01-25 16:32:32 Warning: Warning (2): Invalid argument supplied for foreach() in [/var/www/vhosts/sinapsescopio.es/httpdocs/proyectoCadena/app/views/chains/index.ctp, line 209]
2011-01-25 16:32:32 Warning: Warning (2): Invalid argument supplied for foreach() in [/var/www/vhosts/sinapsescopio.es/httpdocs/proyectoCadena/app/views/chains/index.ctp, line 235]
2011-01-25 16:45:00 Warning: Warning (512): <span style="color:Red;text-align:left"><b>SQL Error:</b> 1054: Unknown column 'Item.author' in 'where clause'</span> in [/var/www/vhosts/sinapsescopio.es/httpdocs/proyectoCadena/cake/libs/model/datasources/dbo_source.php, line 684]
2011-01-25 16:45:01 Warning: Warning (2): Invalid argument supplied for foreach() in [/var/www/vhosts/sinapsescopio.es/httpdocs/proyectoCadena/app/views/chains/index.ctp, line 235]
2011-01-25 16:45:36 Warning: Warning (512): <span style="color:Red;text-align:left"><b>SQL Error:</b> 1054: Unknown column 'Item.author' in 'where clause'</span> in [/var/www/vhosts/sinapsescopio.es/httpdocs/proyectoCadena/cake/libs/model/datasources/dbo_source.php, line 684]
2011-01-25 16:45:36 Warning: Warning (2): Invalid argument supplied for foreach() in [/var/www/vhosts/sinapsescopio.es/httpdocs/proyectoCadena/app/views/chains/index.ctp, line 235]
2011-01-25 16:48:13 Warning: Warning (512): <span style="color:Red;text-align:left"><b>SQL Error:</b> 1054: Unknown column 'Array' in 'field list'</span> in [/var/www/vhosts/sinapsescopio.es/httpdocs/proyectoCadena/cake/libs/model/datasources/dbo_source.php, line 684]
2011-01-25 16:48:25 Warning: Warning (512): <span style="color:Red;text-align:left"><b>SQL Error:</b> 1054: Unknown column 'Array' in 'field list'</span> in [/var/www/vhosts/sinapsescopio.es/httpdocs/proyectoCadena/cake/libs/model/datasources/dbo_source.php, line 684]
2011-01-25 16:54:45 Warning: Warning (512): <span style="color:Red;text-align:left"><b>SQL Error:</b> 1054: Unknown column 'Chain.author' in 'where clause'</span> in [/var/www/vhosts/sinapsescopio.es/httpdocs/proyectoCadena/cake/libs/model/datasources/dbo_source.php, line 684]
2011-01-25 16:54:45 Warning: Warning (512): <span style="color:Red;text-align:left"><b>SQL Error:</b> 1054: Unknown column 'Chain.author' in 'field list'</span> in [/var/www/vhosts/sinapsescopio.es/httpdocs/proyectoCadena/cake/libs/model/datasources/dbo_source.php, line 684]
2011-01-25 16:54:45 Warning: Warning (2): Invalid argument supplied for foreach() in [/var/www/vhosts/sinapsescopio.es/httpdocs/proyectoCadena/app/views/chains/account.ctp, line 37]
2011-01-25 16:54:45 Warning: Warning (2): Invalid argument supplied for foreach() in [/var/www/vhosts/sinapsescopio.es/httpdocs/proyectoCadena/app/views/chains/account.ctp, line 63]
2011-01-26 17:08:18 Warning: Warning (2): Missing argument 2 for FriendsController::add() in [/var/www/vhosts/sinapsescopio.es/httpdocs/proyectoCadena/app/controllers/friends_controller.php, line 11]
2011-01-26 17:09:32 Warning: Warning (2): Missing argument 2 for FriendsController::add() in [/var/www/vhosts/sinapsescopio.es/httpdocs/proyectoCadena/app/controllers/friends_controller.php, line 11]
2011-01-26 17:18:59 Warning: Warning (512): <span style="color:Red;text-align:left"><b>SQL Error:</b> 1048: Column 'pending' cannot be null</span> in [/var/www/vhosts/sinapsescopio.es/httpdocs/proyectoCadena/cake/libs/model/datasources/dbo_source.php, line 684]
2011-01-26 17:18:59 Warning: Warning (2): Cannot modify header information - headers already sent by (output started at /var/www/vhosts/sinapsescopio.es/httpdocs/proyectoCadena/cake/libs/debugger.php:673) in [/var/www/vhosts/sinapsescopio.es/httpdocs/proyectoCadena/cake/libs/controller/controller.php, line 746]
2011-01-26 17:20:28 Warning: Warning (2): Missing argument 2 for FriendsController::add() in [/var/www/vhosts/sinapsescopio.es/httpdocs/proyectoCadena/app/controllers/friends_controller.php, line 11]
2011-01-26 17:20:38 Warning: Warning (2): Missing argument 2 for FriendsController::add() in [/var/www/vhosts/sinapsescopio.es/httpdocs/proyectoCadena/app/controllers/friends_controller.php, line 11]
2011-01-26 17:21:06 Warning: Warning (2): Missing argument 2 for FriendsController::add() in [/var/www/vhosts/sinapsescopio.es/httpdocs/proyectoCadena/app/controllers/friends_controller.php, line 11]
2011-01-27 11:46:40 Warning: Warning (512): <span style="color:Red;text-align:left"><b>SQL Error:</b> 1062: Duplicate entry '' for key 1</span> in [/var/www/vhosts/sinapsescopio.es/httpdocs/proyectoCadena/cake/libs/model/datasources/dbo_source.php, line 684]
2011-02-17 13:47:00 Warning: Warning (2): mkdir() [<a href='http://php.net/function.mkdir'>function.mkdir</a>]: Permission denied in [/var/www/vhosts/sinapsescopio.es/httpdocs/proyectoCadena/app/controllers/components/attachment.php, line 88]
2011-02-17 13:47:00 Warning: Warning (2): mkdir() [<a href='http://php.net/function.mkdir'>function.mkdir</a>]: Permission denied in [/var/www/vhosts/sinapsescopio.es/httpdocs/proyectoCadena/app/controllers/components/attachment.php, line 89]
2011-02-17 13:47:00 Warning: Warning (2): mkdir() [<a href='http://php.net/function.mkdir'>function.mkdir</a>]: Permission denied in [/var/www/vhosts/sinapsescopio.es/httpdocs/proyectoCadena/app/controllers/components/attachment.php, line 144]
2011-02-17 13:47:00 Warning: Warning (2): getimagesize(/var/www/vhosts/sinapsescopio.es/httpdocs/proyectoCadena/app/webroot/attachments/tmp/4d5d18c4-3d6c-417c-a57a-4d34d4e358ef.gif) [<a href='http://php.net/function.getimagesize'>function.getimagesize</a>]: failed to open stream: No such file or directory in [/var/www/vhosts/sinapsescopio.es/httpdocs/proyectoCadena/app/controllers/components/attachment.php, line 188]
2011-02-17 13:47:00 Warning: Warning (2): Cannot modify header information - headers already sent by (output started at /var/www/vhosts/sinapsescopio.es/httpdocs/proyectoCadena/cake/basics.php:113) in [/var/www/vhosts/sinapsescopio.es/httpdocs/proyectoCadena/cake/libs/controller/controller.php, line 746]
2011-02-17 13:53:55 Warning: Warning (512): <span style="color:Red;text-align:left"><b>SQL Error:</b> 1062: Duplicate entry '' for key 1</span> in [/var/www/vhosts/sinapsescopio.es/httpdocs/proyectoCadena/cake/libs/model/datasources/dbo_source.php, line 684]
2011-02-18 12:56:24 Warning: Warning (2): Invalid argument supplied for foreach() in [/var/www/vhosts/sinapsescopio.es/httpdocs/proyectoCadena/app/views/items/view.ctp, line 49]
2011-02-18 12:56:37 Warning: Warning (2): Invalid argument supplied for foreach() in [/var/www/vhosts/sinapsescopio.es/httpdocs/proyectoCadena/app/views/items/view.ctp, line 49]
2011-02-18 12:56:44 Warning: Warning (2): Invalid argument supplied for foreach() in [/var/www/vhosts/sinapsescopio.es/httpdocs/proyectoCadena/app/views/items/view.ctp, line 49]
2011-02-24 12:06:12 Warning: Warning (2): Invalid argument supplied for foreach() in [/var/www/vhosts/sinapsescopio.es/httpdocs/proyectoCadena/app/views/chains/admin.ctp, line 101]
2011-02-24 12:06:12 Warning: Warning (2): Invalid argument supplied for foreach() in [/var/www/vhosts/sinapsescopio.es/httpdocs/proyectoCadena/app/views/chains/admin.ctp, line 130]
2011-02-24 12:06:12 Warning: Warning (2): Invalid argument supplied for foreach() in [/var/www/vhosts/sinapsescopio.es/httpdocs/proyectoCadena/app/views/chains/admin.ctp, line 160]
2011-02-24 12:06:12 Warning: Warning (2): Invalid argument supplied for foreach() in [/var/www/vhosts/sinapsescopio.es/httpdocs/proyectoCadena/app/views/chains/admin.ctp, line 188]
2011-02-24 12:06:12 Warning: Warning (2): Invalid argument supplied for foreach() in [/var/www/vhosts/sinapsescopio.es/httpdocs/proyectoCadena/app/views/chains/admin.ctp, line 216]
2011-02-24 12:06:12 Warning: Warning (2): Invalid argument supplied for foreach() in [/var/www/vhosts/sinapsescopio.es/httpdocs/proyectoCadena/app/views/chains/admin.ctp, line 242]
2011-02-24 12:57:57 Warning: Warning (512): <span style="color:Red;text-align:left"><b>SQL Error:</b> 1054: Unknown column 'Item.n_items' in 'field list'</span> in [/var/www/vhosts/sinapsescopio.es/httpdocs/proyectoCadena/cake/libs/model/datasources/dbo_source.php, line 684]
2011-02-24 12:57:57 Warning: Warning (2): Invalid argument supplied for foreach() in [/var/www/vhosts/sinapsescopio.es/httpdocs/proyectoCadena/app/views/items/admin.ctp, line 44]
2011-02-24 13:00:21 Warning: Warning (512): <span style="color:Red;text-align:left"><b>SQL Error:</b> 1054: Unknown column 'Item.Item-type' in 'field list'</span> in [/var/www/vhosts/sinapsescopio.es/httpdocs/proyectoCadena/cake/libs/model/datasources/dbo_source.php, line 684]
2011-02-24 13:00:21 Warning: Warning (2): Invalid argument supplied for foreach() in [/var/www/vhosts/sinapsescopio.es/httpdocs/proyectoCadena/app/views/items/admin.ctp, line 44]
2011-02-24 13:00:59 Warning: Warning (512): <span style="color:Red;text-align:left"><b>SQL Error:</b> 1054: Unknown column 'Item.Item-position' in 'field list'</span> in [/var/www/vhosts/sinapsescopio.es/httpdocs/proyectoCadena/cake/libs/model/datasources/dbo_source.php, line 684]
2011-02-24 13:00:59 Warning: Warning (2): Invalid argument supplied for foreach() in [/var/www/vhosts/sinapsescopio.es/httpdocs/proyectoCadena/app/views/items/admin.ctp, line 44]
2011-02-24 13:53:16 Warning: Warning (512): <span style="color:Red;text-align:left"><b>SQL Error:</b> 1062: Duplicate entry '' for key 1</span> in [/var/www/vhosts/sinapsescopio.es/httpdocs/proyectoCadena/cake/libs/model/datasources/dbo_source.php, line 684]
2011-02-24 17:58:38 Warning: Warning (2): preg_match() [<a href='http://php.net/function.preg-match'>function.preg-match</a>]: Delimiter must not be alphanumeric or backslash in [/var/www/vhosts/sinapsescopio.es/httpdocs/proyectoCadena/cake/libs/model/model.php, line 2611]
2011-02-24 17:58:38 Warning: Warning (2): Cannot modify header information - headers already sent by (output started at /var/www/vhosts/sinapsescopio.es/httpdocs/proyectoCadena/cake/libs/debugger.php:673) in [/var/www/vhosts/sinapsescopio.es/httpdocs/proyectoCadena/cake/libs/controller/controller.php, line 746]
2011-02-24 17:59:51 Warning: Warning (512): <span style="color:Red;text-align:left"><b>SQL Error:</b> 1062: Duplicate entry '' for key 2</span> in [/var/www/vhosts/sinapsescopio.es/httpdocs/proyectoCadena/cake/libs/model/datasources/dbo_source.php, line 684]
2011-02-24 19:25:07 Warning: Warning (2): Invalid argument supplied for foreach() in [/var/www/vhosts/sinapsescopio.es/httpdocs/proyectoCadena/app/views/users/view.ctp, line 35]
2011-03-03 13:26:17 Warning: Warning (512): <span style="color:Red;text-align:left"><b>SQL Error:</b> 1048: Column 'user_id' cannot be null</span> in [/var/www/vhosts/sinapsescopio.es/httpdocs/proyectoCadena/cake/libs/model/datasources/dbo_source.php, line 684]
2011-03-03 13:26:17 Warning: Warning (2): Cannot modify header information - headers already sent by (output started at /var/www/vhosts/sinapsescopio.es/httpdocs/proyectoCadena/cake/libs/debugger.php:673) in [/var/www/vhosts/sinapsescopio.es/httpdocs/proyectoCadena/cake/libs/controller/controller.php, line 746]
2011-03-03 13:34:17 Warning: Warning (512): <span style="color:Red;text-align:left"><b>SQL Error:</b> 1054: Unknown column 'Favorite_type' in 'where clause'</span> in [/var/www/vhosts/sinapsescopio.es/httpdocs/proyectoCadena/cake/libs/model/datasources/dbo_source.php, line 684]
2011-03-03 13:34:17 Warning: Warning (2): Invalid argument supplied for foreach() in [/var/www/vhosts/sinapsescopio.es/httpdocs/proyectoCadena/app/views/users/account.ctp, line 89]
2011-03-04 12:17:36 Warning: Warning (512): Controller::paginate() - can't find model ReceivedMessage in controller MessagesController in [/var/www/vhosts/sinapsescopio.es/httpdocs/proyectoCadena/cake/libs/controller/controller.php, line 1106]
2011-03-04 12:21:50 Warning: Warning (512): <span style="color:Red;text-align:left"><b>SQL Error:</b> 1054: Unknown column 'From.user_id' in 'field list'</span> in [/var/www/vhosts/sinapsescopio.es/httpdocs/proyectoCadena/cake/libs/model/datasources/dbo_source.php, line 684]
2011-03-04 12:21:51 Warning: Warning (2): Invalid argument supplied for foreach() in [/var/www/vhosts/sinapsescopio.es/httpdocs/proyectoCadena/app/views/messages/inbox.ctp, line 28]
2011-03-04 12:22:11 Warning: Warning (512): <span style="color:Red;text-align:left"><b>SQL Error:</b> 1054: Unknown column 'User.user_id' in 'field list'</span> in [/var/www/vhosts/sinapsescopio.es/httpdocs/proyectoCadena/cake/libs/model/datasources/dbo_source.php, line 684]
2011-03-04 12:22:11 Warning: Warning (2): Invalid argument supplied for foreach() in [/var/www/vhosts/sinapsescopio.es/httpdocs/proyectoCadena/app/views/messages/inbox.ctp, line 28]
2011-03-04 12:32:25 Warning: Warning (512): <span style="color:Red;text-align:left"><b>SQL Error:</b> 1054: Unknown column 'Message.read' in 'where clause'</span> in [/var/www/vhosts/sinapsescopio.es/httpdocs/proyectoCadena/cake/libs/model/datasources/dbo_source.php, line 684]
2011-03-04 12:48:08 Warning: Warning (512): <span style="color:Red;text-align:left"><b>SQL Error:</b> 1054: Unknown column 'conditions' in 'where clause'</span> in [/var/www/vhosts/sinapsescopio.es/httpdocs/proyectoCadena/cake/libs/model/datasources/dbo_source.php, line 684]
2011-03-04 12:48:08 Warning: Warning (2): Invalid argument supplied for foreach() in [/var/www/vhosts/sinapsescopio.es/httpdocs/proyectoCadena/app/views/messages/inbox.ctp, line 30]
2011-03-04 18:15:44 Warning: Warning (512): <span style="color:Red;text-align:left"><b>SQL Error:</b> 1054: Unknown column 'User.User' in 'field list'</span> in [/var/www/vhosts/sinapsescopio.es/httpdocs/proyectoCadena/cake/libs/model/datasources/dbo_source.php, line 684]
2011-03-04 18:18:33 Warning: Warning (512): <span style="color:Red;text-align:left"><b>SQL Error:</b> 1054: Unknown column 'User.User' in 'field list'</span> in [/var/www/vhosts/sinapsescopio.es/httpdocs/proyectoCadena/cake/libs/model/datasources/dbo_source.php, line 684]
2011-03-04 18:21:58 Warning: Warning (512): <span style="color:Red;text-align:left"><b>SQL Error:</b> 1054: Unknown column 'User.User' in 'field list'</span> in [/var/www/vhosts/sinapsescopio.es/httpdocs/proyectoCadena/cake/libs/model/datasources/dbo_source.php, line 684]
2011-03-04 18:28:05 Warning: Warning (512): <span style="color:Red;text-align:left"><b>SQL Error:</b> 1062: Duplicate entry '' for key 1</span> in [/var/www/vhosts/sinapsescopio.es/httpdocs/proyectoCadena/cake/libs/model/datasources/dbo_source.php, line 684]
2011-03-08 13:57:22 Warning: Warning (512): <span style="color:Red;text-align:left"><b>SQL Error:</b> 1054: Unknown column 'User.User' in 'field list'</span> in [/var/www/vhosts/sinapsescopio.es/httpdocs/proyectoCadena/cake/libs/model/datasources/dbo_source.php, line 684]
2011-03-08 13:58:43 Warning: Warning (512): <span style="color:Red;text-align:left"><b>SQL Error:</b> 1054: Unknown column 'User.User' in 'field list'</span> in [/var/www/vhosts/sinapsescopio.es/httpdocs/proyectoCadena/cake/libs/model/datasources/dbo_source.php, line 684]
2011-03-08 14:13:40 Warning: Warning (512): <span style="color:Red;text-align:left"><b>SQL Error:</b> 1054: Unknown column 'User.User' in 'field list'</span> in [/var/www/vhosts/sinapsescopio.es/httpdocs/proyectoCadena/cake/libs/model/datasources/dbo_source.php, line 684]
2011-03-08 17:33:27 Warning: Warning (512): <span style="color:Red;text-align:left"><b>SQL Error:</b> 1054: Unknown column 'User.User' in 'field list'</span> in [/var/www/vhosts/sinapsescopio.es/httpdocs/proyectoCadena/cake/libs/model/datasources/dbo_source.php, line 684]
2011-03-08 17:37:01 Warning: Warning (512): <span style="color:Red;text-align:left"><b>SQL Error:</b> 1054: Unknown column 'User.User' in 'field list'</span> in [/var/www/vhosts/sinapsescopio.es/httpdocs/proyectoCadena/cake/libs/model/datasources/dbo_source.php, line 684]
2011-03-08 17:37:55 Warning: Warning (512): <span style="color:Red;text-align:left"><b>SQL Error:</b> 1054: Unknown column 'User.User' in 'field list'</span> in [/var/www/vhosts/sinapsescopio.es/httpdocs/proyectoCadena/cake/libs/model/datasources/dbo_source.php, line 684]
2011-03-08 17:39:18 Warning: Warning (512): <span style="color:Red;text-align:left"><b>SQL Error:</b> 1054: Unknown column 'User.User' in 'field list'</span> in [/var/www/vhosts/sinapsescopio.es/httpdocs/proyectoCadena/cake/libs/model/datasources/dbo_source.php, line 684]
2011-03-08 17:50:10 Warning: Warning (512): <span style="color:Red;text-align:left"><b>SQL Error:</b> 1054: Unknown column 'User.User' in 'field list'</span> in [/var/www/vhosts/sinapsescopio.es/httpdocs/proyectoCadena/cake/libs/model/datasources/dbo_source.php, line 684]
2011-03-08 17:50:53 Warning: Warning (512): <span style="color:Red;text-align:left"><b>SQL Error:</b> 1054: Unknown column 'User.User' in 'field list'</span> in [/var/www/vhosts/sinapsescopio.es/httpdocs/proyectoCadena/cake/libs/model/datasources/dbo_source.php, line 684]
2011-03-08 18:12:17 Warning: Warning (512): <span style="color:Red;text-align:left"><b>SQL Error:</b> 1064: You have an error in your SQL syntax; check the manual that corresponds to your MySQL server version for the right syntax to use near 'filed' at line 1</span> in [/var/www/vhosts/sinapsescopio.es/httpdocs/proyectoCadena/cake/libs/model/datasources/dbo_source.php, line 684]
2011-03-08 18:13:05 Warning: Warning (512): <span style="color:Red;text-align:left"><b>SQL Error:</b> 1054: Unknown column 'User.file_path' in 'field list'</span> in [/var/www/vhosts/sinapsescopio.es/httpdocs/proyectoCadena/cake/libs/model/datasources/dbo_source.php, line 684]
2011-03-08 18:13:07 Warning: Warning (512): <span style="color:Red;text-align:left"><b>SQL Error:</b> 1054: Unknown column 'User.file_path' in 'field list'</span> in [/var/www/vhosts/sinapsescopio.es/httpdocs/proyectoCadena/cake/libs/model/datasources/dbo_source.php, line 684]
2011-03-09 18:16:43 Warning: Warning (512): <span style="color:Red;text-align:left"><b>SQL Error:</b> 1064: You have an error in your SQL syntax; check the manual that corresponds to your MySQL server version for the right syntax to use near '=> 3' at line 1</span> in [/var/www/vhosts/sinapsescopio.es/httpdocs/proyectoCadena/cake/libs/model/datasources/dbo_source.php, line 684]
2011-03-09 18:16:44 Warning: Warning (2): Invalid argument supplied for foreach() in [/var/www/vhosts/sinapsescopio.es/httpdocs/proyectoCadena/app/controllers/items_controller.php, line 158]
2011-03-09 18:16:44 Warning: Warning (2): Cannot modify header information - headers already sent by (output started at /var/www/vhosts/sinapsescopio.es/httpdocs/proyectoCadena/cake/basics.php:356) in [/var/www/vhosts/sinapsescopio.es/httpdocs/proyectoCadena/cake/libs/controller/controller.php, line 746]
2011-03-11 16:16:14 Warning: Warning (2): fsockopen() [<a href='http://php.net/function.fsockopen'>function.fsockopen</a>]: unable to connect to localhost:25 (Connection refused) in [/var/www/vhosts/sinapsescopio.es/httpdocs/proyectoCadena/app/controllers/components/mailer.php, line 18]
2011-03-11 17:07:52 Warning: Warning (2): fsockopen() [<a href='http://php.net/function.fsockopen'>function.fsockopen</a>]: unable to connect to localhost:587 (Connection refused) in [/var/www/vhosts/sinapsescopio.es/httpdocs/proyectoCadena/app/controllers/components/mailer.php, line 18]
2011-03-11 18:02:19 Warning: Warning (512): <span style="color:Red;text-align:left"><b>SQL Error:</b> 1054: Unknown column 'Item.username' in 'where clause'</span> in [/var/www/vhosts/sinapsescopio.es/httpdocs/proyectoCadena/cake/libs/model/datasources/dbo_source.php, line 684]
2011-03-15 18:45:11 Warning: Warning (512): <span style="color:Red;text-align:left"><b>SQL Error:</b> 1064: You have an error in your SQL syntax; check the manual that corresponds to your MySQL server version for the right syntax to use near 'ILIKE '%%'  OR  `Chain`.`type` ILIKE '%%'  OR  `Chain`.`name` ILIKE '%%'  OR  `C' at line 1</span> in [/var/www/vhosts/sinapsescopio.es/httpdocs/proyectoCadena/cake/libs/model/datasources/dbo_source.php, line 684]
2011-03-15 18:45:11 Warning: Warning (2): Invalid argument supplied for foreach() in [/var/www/vhosts/sinapsescopio.es/httpdocs/proyectoCadena/app/views/chains/index.ctp, line 57]
2011-03-15 18:45:11 Warning: Warning (2): Invalid argument supplied for foreach() in [/var/www/vhosts/sinapsescopio.es/httpdocs/proyectoCadena/app/views/chains/index.ctp, line 110]
2011-03-15 18:45:11 Warning: Warning (2): Invalid argument supplied for foreach() in [/var/www/vhosts/sinapsescopio.es/httpdocs/proyectoCadena/app/views/chains/index.ctp, line 139]
2011-03-15 18:45:11 Warning: Warning (2): Invalid argument supplied for foreach() in [/var/www/vhosts/sinapsescopio.es/httpdocs/proyectoCadena/app/views/chains/index.ctp, line 169]
2011-03-15 18:45:11 Warning: Warning (2): Invalid argument supplied for foreach() in [/var/www/vhosts/sinapsescopio.es/httpdocs/proyectoCadena/app/views/chains/index.ctp, line 197]
2011-03-15 18:45:11 Warning: Warning (2): Invalid argument supplied for foreach() in [/var/www/vhosts/sinapsescopio.es/httpdocs/proyectoCadena/app/views/chains/index.ctp, line 225]
2011-03-15 18:45:11 Warning: Warning (2): Invalid argument supplied for foreach() in [/var/www/vhosts/sinapsescopio.es/httpdocs/proyectoCadena/app/views/chains/index.ctp, line 251]
2011-03-15 18:45:34 Warning: Warning (512): <span style="color:Red;text-align:left"><b>SQL Error:</b> 1064: You have an error in your SQL syntax; check the manual that corresponds to your MySQL server version for the right syntax to use near 'ILIKE '%javi%'  OR  `Chain`.`type` ILIKE '%javi%'  OR  `Chain`.`name` ILIKE '%ja' at line 1</span> in [/var/www/vhosts/sinapsescopio.es/httpdocs/proyectoCadena/cake/libs/model/datasources/dbo_source.php, line 684]
2011-03-15 18:45:34 Warning: Warning (2): Invalid argument supplied for foreach() in [/var/www/vhosts/sinapsescopio.es/httpdocs/proyectoCadena/app/views/chains/index.ctp, line 57]
2011-03-15 18:45:34 Warning: Warning (2): Invalid argument supplied for foreach() in [/var/www/vhosts/sinapsescopio.es/httpdocs/proyectoCadena/app/views/chains/index.ctp, line 110]
2011-03-15 18:45:34 Warning: Warning (2): Invalid argument supplied for foreach() in [/var/www/vhosts/sinapsescopio.es/httpdocs/proyectoCadena/app/views/chains/index.ctp, line 139]
2011-03-15 18:45:34 Warning: Warning (2): Invalid argument supplied for foreach() in [/var/www/vhosts/sinapsescopio.es/httpdocs/proyectoCadena/app/views/chains/index.ctp, line 169]
2011-03-15 18:45:34 Warning: Warning (2): Invalid argument supplied for foreach() in [/var/www/vhosts/sinapsescopio.es/httpdocs/proyectoCadena/app/views/chains/index.ctp, line 197]
2011-03-15 18:45:34 Warning: Warning (2): Invalid argument supplied for foreach() in [/var/www/vhosts/sinapsescopio.es/httpdocs/proyectoCadena/app/views/chains/index.ctp, line 225]
2011-03-15 18:45:34 Warning: Warning (2): Invalid argument supplied for foreach() in [/var/www/vhosts/sinapsescopio.es/httpdocs/proyectoCadena/app/views/chains/index.ctp, line 251]
2011-03-15 18:46:47 Warning: Warning (2): Invalid argument supplied for foreach() in [/var/www/vhosts/sinapsescopio.es/httpdocs/proyectoCadena/app/views/chains/index.ctp, line 57]
2011-03-15 18:46:47 Warning: Warning (2): Invalid argument supplied for foreach() in [/var/www/vhosts/sinapsescopio.es/httpdocs/proyectoCadena/app/views/chains/index.ctp, line 110]
2011-03-15 18:46:47 Warning: Warning (2): Invalid argument supplied for foreach() in [/var/www/vhosts/sinapsescopio.es/httpdocs/proyectoCadena/app/views/chains/index.ctp, line 139]
2011-03-15 18:46:47 Warning: Warning (2): Invalid argument supplied for foreach() in [/var/www/vhosts/sinapsescopio.es/httpdocs/proyectoCadena/app/views/chains/index.ctp, line 169]
2011-03-15 18:46:47 Warning: Warning (2): Invalid argument supplied for foreach() in [/var/www/vhosts/sinapsescopio.es/httpdocs/proyectoCadena/app/views/chains/index.ctp, line 197]
2011-03-15 18:46:47 Warning: Warning (2): Invalid argument supplied for foreach() in [/var/www/vhosts/sinapsescopio.es/httpdocs/proyectoCadena/app/views/chains/index.ctp, line 225]
2011-03-15 18:46:47 Warning: Warning (2): Invalid argument supplied for foreach() in [/var/www/vhosts/sinapsescopio.es/httpdocs/proyectoCadena/app/views/chains/index.ctp, line 251]
2011-03-15 18:48:08 Warning: Warning (2): Invalid argument supplied for foreach() in [/var/www/vhosts/sinapsescopio.es/httpdocs/proyectoCadena/app/views/chains/index.ctp, line 57]
2011-03-15 18:48:08 Warning: Warning (2): Invalid argument supplied for foreach() in [/var/www/vhosts/sinapsescopio.es/httpdocs/proyectoCadena/app/views/chains/index.ctp, line 110]
2011-03-15 18:48:08 Warning: Warning (2): Invalid argument supplied for foreach() in [/var/www/vhosts/sinapsescopio.es/httpdocs/proyectoCadena/app/views/chains/index.ctp, line 139]
2011-03-15 18:48:08 Warning: Warning (2): Invalid argument supplied for foreach() in [/var/www/vhosts/sinapsescopio.es/httpdocs/proyectoCadena/app/views/chains/index.ctp, line 169]
2011-03-15 18:48:08 Warning: Warning (2): Invalid argument supplied for foreach() in [/var/www/vhosts/sinapsescopio.es/httpdocs/proyectoCadena/app/views/chains/index.ctp, line 197]
2011-03-15 18:48:08 Warning: Warning (2): Invalid argument supplied for foreach() in [/var/www/vhosts/sinapsescopio.es/httpdocs/proyectoCadena/app/views/chains/index.ctp, line 225]
2011-03-15 18:48:08 Warning: Warning (2): Invalid argument supplied for foreach() in [/var/www/vhosts/sinapsescopio.es/httpdocs/proyectoCadena/app/views/chains/index.ctp, line 251]
2011-03-15 19:01:25 Warning: Warning (2): Invalid argument supplied for foreach() in [/var/www/vhosts/sinapsescopio.es/httpdocs/proyectoCadena/app/views/chains/index.ctp, line 57]
2011-03-15 19:01:25 Warning: Warning (2): Invalid argument supplied for foreach() in [/var/www/vhosts/sinapsescopio.es/httpdocs/proyectoCadena/app/views/chains/index.ctp, line 110]
2011-03-15 19:01:25 Warning: Warning (2): Invalid argument supplied for foreach() in [/var/www/vhosts/sinapsescopio.es/httpdocs/proyectoCadena/app/views/chains/index.ctp, line 139]
2011-03-15 19:01:25 Warning: Warning (2): Invalid argument supplied for foreach() in [/var/www/vhosts/sinapsescopio.es/httpdocs/proyectoCadena/app/views/chains/index.ctp, line 169]
2011-03-15 19:01:25 Warning: Warning (2): Invalid argument supplied for foreach() in [/var/www/vhosts/sinapsescopio.es/httpdocs/proyectoCadena/app/views/chains/index.ctp, line 197]
2011-03-15 19:01:25 Warning: Warning (2): Invalid argument supplied for foreach() in [/var/www/vhosts/sinapsescopio.es/httpdocs/proyectoCadena/app/views/chains/index.ctp, line 225]
2011-03-15 19:01:25 Warning: Warning (2): Invalid argument supplied for foreach() in [/var/www/vhosts/sinapsescopio.es/httpdocs/proyectoCadena/app/views/chains/index.ctp, line 251]
2011-03-15 21:07:07 Warning: Warning (512): <span style="color:Red;text-align:left"><b>SQL Error:</b> 1054: Unknown column 'Chain.description' in 'where clause'</span> in [/var/www/vhosts/sinapsescopio.es/httpdocs/proyectoCadena/cake/libs/model/datasources/dbo_source.php, line 684]
2011-03-15 21:07:07 Warning: Warning (2): Invalid argument supplied for foreach() in [/var/www/vhosts/sinapsescopio.es/httpdocs/proyectoCadena/app/views/chains/search.ctp, line 42]
2011-03-15 21:07:50 Warning: Warning (512): <span style="color:Red;text-align:left"><b>SQL Error:</b> 1054: Unknown column 'Chain.description' in 'where clause'</span> in [/var/www/vhosts/sinapsescopio.es/httpdocs/proyectoCadena/cake/libs/model/datasources/dbo_source.php, line 684]
2011-03-15 21:07:50 Warning: Warning (512): <span style="color:Red;text-align:left"><b>SQL Error:</b> 1054: Unknown column 'Chain.description' in 'field list'</span> in [/var/www/vhosts/sinapsescopio.es/httpdocs/proyectoCadena/cake/libs/model/datasources/dbo_source.php, line 684]
2011-03-15 21:07:50 Warning: Warning (2): Invalid argument supplied for foreach() in [/var/www/vhosts/sinapsescopio.es/httpdocs/proyectoCadena/app/views/chains/search.ctp, line 42]
2011-03-15 21:11:04 Warning: Warning (512): <span style="color:Red;text-align:left"><b>SQL Error:</b> 1054: Unknown column 'Item.id' in 'field list'</span> in [/var/www/vhosts/sinapsescopio.es/httpdocs/proyectoCadena/cake/libs/model/datasources/dbo_source.php, line 684]
2011-03-16 14:48:18 Warning: Warning (2): Invalid argument supplied for foreach() in [/var/www/vhosts/sinapsescopio.es/httpdocs/proyectoCadena/app/views/chains/search.ctp, line 37]
2011-03-16 14:50:07 Warning: Warning (2): Invalid argument supplied for foreach() in [/var/www/vhosts/sinapsescopio.es/httpdocs/proyectoCadena/app/views/chains/index.ctp, line 116]
2011-03-16 14:50:07 Warning: Warning (2): Invalid argument supplied for foreach() in [/var/www/vhosts/sinapsescopio.es/httpdocs/proyectoCadena/app/views/chains/index.ctp, line 145]
2011-03-16 14:50:07 Warning: Warning (2): Invalid argument supplied for foreach() in [/var/www/vhosts/sinapsescopio.es/httpdocs/proyectoCadena/app/views/chains/index.ctp, line 175]
2011-03-16 14:50:07 Warning: Warning (2): Invalid argument supplied for foreach() in [/var/www/vhosts/sinapsescopio.es/httpdocs/proyectoCadena/app/views/chains/index.ctp, line 203]
2011-03-16 14:50:07 Warning: Warning (2): Invalid argument supplied for foreach() in [/var/www/vhosts/sinapsescopio.es/httpdocs/proyectoCadena/app/views/chains/index.ctp, line 231]
2011-03-16 14:50:07 Warning: Warning (2): Invalid argument supplied for foreach() in [/var/www/vhosts/sinapsescopio.es/httpdocs/proyectoCadena/app/views/chains/index.ctp, line 257]
2011-03-16 14:50:13 Warning: Warning (2): Invalid argument supplied for foreach() in [/var/www/vhosts/sinapsescopio.es/httpdocs/proyectoCadena/app/views/chains/index.ctp, line 116]
2011-03-16 14:50:13 Warning: Warning (2): Invalid argument supplied for foreach() in [/var/www/vhosts/sinapsescopio.es/httpdocs/proyectoCadena/app/views/chains/index.ctp, line 145]
2011-03-16 14:50:13 Warning: Warning (2): Invalid argument supplied for foreach() in [/var/www/vhosts/sinapsescopio.es/httpdocs/proyectoCadena/app/views/chains/index.ctp, line 175]
2011-03-16 14:50:13 Warning: Warning (2): Invalid argument supplied for foreach() in [/var/www/vhosts/sinapsescopio.es/httpdocs/proyectoCadena/app/views/chains/index.ctp, line 203]
2011-03-16 14:50:13 Warning: Warning (2): Invalid argument supplied for foreach() in [/var/www/vhosts/sinapsescopio.es/httpdocs/proyectoCadena/app/views/chains/index.ctp, line 231]
2011-03-16 14:50:13 Warning: Warning (2): Invalid argument supplied for foreach() in [/var/www/vhosts/sinapsescopio.es/httpdocs/proyectoCadena/app/views/chains/index.ctp, line 257]
2011-03-16 14:50:58 Warning: Warning (2): is_file() [<a href='http://php.net/function.is-file'>function.is-file</a>]: open_basedir restriction in effect. File(/users/login) is not within the allowed path(s): (/var/www/vhosts/sinapsescopio.es/httpdocs:/tmp) in [/var/www/vhosts/sinapsescopio.es/httpdocs/proyectoCadena/cake/libs/view/view.php, line 847]
2011-03-16 14:51:21 Warning: Warning (2): is_file() [<a href='http://php.net/function.is-file'>function.is-file</a>]: open_basedir restriction in effect. File(/users/login.ctp) is not within the allowed path(s): (/var/www/vhosts/sinapsescopio.es/httpdocs:/tmp) in [/var/www/vhosts/sinapsescopio.es/httpdocs/proyectoCadena/cake/libs/view/view.php, line 847]
2011-03-16 14:51:30 Warning: Warning (2): is_file() [<a href='http://php.net/function.is-file'>function.is-file</a>]: open_basedir restriction in effect. File(/users/login) is not within the allowed path(s): (/var/www/vhosts/sinapsescopio.es/httpdocs:/tmp) in [/var/www/vhosts/sinapsescopio.es/httpdocs/proyectoCadena/cake/libs/view/view.php, line 847]
2011-03-16 14:52:24 Warning: Warning (2): Invalid argument supplied for foreach() in [/var/www/vhosts/sinapsescopio.es/httpdocs/proyectoCadena/app/views/chains/index.ctp, line 116]
2011-03-16 14:52:24 Warning: Warning (2): Invalid argument supplied for foreach() in [/var/www/vhosts/sinapsescopio.es/httpdocs/proyectoCadena/app/views/chains/index.ctp, line 145]
2011-03-16 14:52:24 Warning: Warning (2): Invalid argument supplied for foreach() in [/var/www/vhosts/sinapsescopio.es/httpdocs/proyectoCadena/app/views/chains/index.ctp, line 175]
2011-03-16 14:52:24 Warning: Warning (2): Invalid argument supplied for foreach() in [/var/www/vhosts/sinapsescopio.es/httpdocs/proyectoCadena/app/views/chains/index.ctp, line 203]
2011-03-16 14:52:24 Warning: Warning (2): Invalid argument supplied for foreach() in [/var/www/vhosts/sinapsescopio.es/httpdocs/proyectoCadena/app/views/chains/index.ctp, line 231]
2011-03-16 14:52:24 Warning: Warning (2): Invalid argument supplied for foreach() in [/var/www/vhosts/sinapsescopio.es/httpdocs/proyectoCadena/app/views/chains/index.ctp, line 257]
2011-03-16 14:53:07 Warning: Warning (2): Invalid argument supplied for foreach() in [/var/www/vhosts/sinapsescopio.es/httpdocs/proyectoCadena/app/views/chains/index.ctp, line 116]
2011-03-16 14:53:07 Warning: Warning (2): Invalid argument supplied for foreach() in [/var/www/vhosts/sinapsescopio.es/httpdocs/proyectoCadena/app/views/chains/index.ctp, line 145]
2011-03-16 14:53:07 Warning: Warning (2): Invalid argument supplied for foreach() in [/var/www/vhosts/sinapsescopio.es/httpdocs/proyectoCadena/app/views/chains/index.ctp, line 175]
2011-03-16 14:53:07 Warning: Warning (2): Invalid argument supplied for foreach() in [/var/www/vhosts/sinapsescopio.es/httpdocs/proyectoCadena/app/views/chains/index.ctp, line 203]
2011-03-16 14:53:07 Warning: Warning (2): Invalid argument supplied for foreach() in [/var/www/vhosts/sinapsescopio.es/httpdocs/proyectoCadena/app/views/chains/index.ctp, line 231]
2011-03-16 14:53:07 Warning: Warning (2): Invalid argument supplied for foreach() in [/var/www/vhosts/sinapsescopio.es/httpdocs/proyectoCadena/app/views/chains/index.ctp, line 257]
2011-03-16 14:54:33 Warning: Warning (2): Invalid argument supplied for foreach() in [/var/www/vhosts/sinapsescopio.es/httpdocs/proyectoCadena/app/views/chains/index.ctp, line 116]
2011-03-16 14:54:33 Warning: Warning (2): Invalid argument supplied for foreach() in [/var/www/vhosts/sinapsescopio.es/httpdocs/proyectoCadena/app/views/chains/index.ctp, line 145]
2011-03-16 14:54:33 Warning: Warning (2): Invalid argument supplied for foreach() in [/var/www/vhosts/sinapsescopio.es/httpdocs/proyectoCadena/app/views/chains/index.ctp, line 175]
2011-03-16 14:54:33 Warning: Warning (2): Invalid argument supplied for foreach() in [/var/www/vhosts/sinapsescopio.es/httpdocs/proyectoCadena/app/views/chains/index.ctp, line 203]
2011-03-16 14:54:33 Warning: Warning (2): Invalid argument supplied for foreach() in [/var/www/vhosts/sinapsescopio.es/httpdocs/proyectoCadena/app/views/chains/index.ctp, line 231]
2011-03-16 14:54:33 Warning: Warning (2): Invalid argument supplied for foreach() in [/var/www/vhosts/sinapsescopio.es/httpdocs/proyectoCadena/app/views/chains/index.ctp, line 257]
2011-03-16 14:56:14 Warning: Warning (2): Invalid argument supplied for foreach() in [/var/www/vhosts/sinapsescopio.es/httpdocs/proyectoCadena/app/views/chains/index.ctp, line 116]
2011-03-16 14:56:14 Warning: Warning (2): Invalid argument supplied for foreach() in [/var/www/vhosts/sinapsescopio.es/httpdocs/proyectoCadena/app/views/chains/index.ctp, line 145]
2011-03-16 14:56:14 Warning: Warning (2): Invalid argument supplied for foreach() in [/var/www/vhosts/sinapsescopio.es/httpdocs/proyectoCadena/app/views/chains/index.ctp, line 175]
2011-03-16 14:56:14 Warning: Warning (2): Invalid argument supplied for foreach() in [/var/www/vhosts/sinapsescopio.es/httpdocs/proyectoCadena/app/views/chains/index.ctp, line 203]
2011-03-16 14:56:14 Warning: Warning (2): Invalid argument supplied for foreach() in [/var/www/vhosts/sinapsescopio.es/httpdocs/proyectoCadena/app/views/chains/index.ctp, line 231]
2011-03-16 14:56:14 Warning: Warning (2): Invalid argument supplied for foreach() in [/var/www/vhosts/sinapsescopio.es/httpdocs/proyectoCadena/app/views/chains/index.ctp, line 257]
2011-03-16 14:56:21 Warning: Warning (2): Invalid argument supplied for foreach() in [/var/www/vhosts/sinapsescopio.es/httpdocs/proyectoCadena/app/views/chains/index.ctp, line 116]
2011-03-16 14:56:21 Warning: Warning (2): Invalid argument supplied for foreach() in [/var/www/vhosts/sinapsescopio.es/httpdocs/proyectoCadena/app/views/chains/index.ctp, line 145]
2011-03-16 14:56:22 Warning: Warning (2): Invalid argument supplied for foreach() in [/var/www/vhosts/sinapsescopio.es/httpdocs/proyectoCadena/app/views/chains/index.ctp, line 175]
2011-03-16 14:56:22 Warning: Warning (2): Invalid argument supplied for foreach() in [/var/www/vhosts/sinapsescopio.es/httpdocs/proyectoCadena/app/views/chains/index.ctp, line 203]
2011-03-16 14:56:22 Warning: Warning (2): Invalid argument supplied for foreach() in [/var/www/vhosts/sinapsescopio.es/httpdocs/proyectoCadena/app/views/chains/index.ctp, line 231]
2011-03-16 14:56:22 Warning: Warning (2): Invalid argument supplied for foreach() in [/var/www/vhosts/sinapsescopio.es/httpdocs/proyectoCadena/app/views/chains/index.ctp, line 257]
